{"/home/user/PartyPlan/src/types.ts": {"path":"/home/user/PartyPlan/src/types.ts","statementMap":{},"fnMap":{},"branchMap":{},"s":{},"f":{},"b":{}}
,"/home/user/PartyPlan/src/components/AddModal.tsx": {"path":"/home/user/PartyPlan/src/components/AddModal.tsx","statementMap":{"0":{"start":{"line":17,"column":36},"end":{"line":17,"column":54}},"1":{"start":{"line":18,"column":40},"end":{"line":18,"column":63}},"2":{"start":{"line":19,"column":44},"end":{"line":19,"column":67}},"3":{"start":{"line":20,"column":48},"end":{"line":20,"column":63}},"4":{"start":{"line":21,"column":52},"end":{"line":21,"column":67}},"5":{"start":{"line":22,"column":38},"end":{"line":22,"column":58}},"6":{"start":{"line":23,"column":46},"end":{"line":23,"column":58}},"7":{"start":{"line":24,"column":38},"end":{"line":24,"column":50}},"8":{"start":{"line":25,"column":42},"end":{"line":25,"column":57}},"9":{"start":{"line":27,"column":99},"end":{"line":27,"column":109}},"10":{"start":{"line":30,"column":2},"end":{"line":49,"column":20}},"11":{"start":{"line":31,"column":4},"end":{"line":48,"column":5}},"12":{"start":{"line":32,"column":6},"end":{"line":32,"column":29}},"13":{"start":{"line":34,"column":6},"end":{"line":45,"column":7}},"14":{"start":{"line":35,"column":26},"end":{"line":35,"column":79}},"15":{"start":{"line":36,"column":8},"end":{"line":44,"column":9}},"16":{"start":{"line":37,"column":24},"end":{"line":37,"column":46}},"17":{"start":{"line":38,"column":26},"end":{"line":38,"column":48}},"18":{"start":{"line":39,"column":23},"end":{"line":39,"column":58}},"19":{"start":{"line":40,"column":23},"end":{"line":40,"column":33}},"20":{"start":{"line":41,"column":10},"end":{"line":41,"column":95}},"21":{"start":{"line":42,"column":10},"end":{"line":42,"column":35}},"22":{"start":{"line":43,"column":10},"end":{"line":43,"column":30}},"23":{"start":{"line":46,"column":6},"end":{"line":46,"column":57}},"24":{"start":{"line":47,"column":6},"end":{"line":47,"column":44}},"25":{"start":{"line":52,"column":21},"end":{"line":57,"column":6}},"26":{"start":{"line":53,"column":17},"end":{"line":53,"column":36}},"27":{"start":{"line":54,"column":21},"end":{"line":54,"column":99}},"28":{"start":{"line":55,"column":23},"end":{"line":55,"column":107}},"29":{"start":{"line":56,"column":4},"end":{"line":56,"column":90}},"30":{"start":{"line":58,"column":24},"end":{"line":58,"column":46}},"31":{"start":{"line":60,"column":23},"end":{"line":60,"column":74}},"32":{"start":{"line":60,"column":62},"end":{"line":60,"column":71}},"33":{"start":{"line":61,"column":26},"end":{"line":61,"column":50}},"34":{"start":{"line":64,"column":23},"end":{"line":74,"column":4}},"35":{"start":{"line":65,"column":20},"end":{"line":65,"column":39}},"36":{"start":{"line":66,"column":21},"end":{"line":66,"column":99}},"37":{"start":{"line":67,"column":23},"end":{"line":67,"column":107}},"38":{"start":{"line":68,"column":19},"end":{"line":68,"column":106}},"39":{"start":{"line":70,"column":21},"end":{"line":70,"column":68}},"40":{"start":{"line":71,"column":23},"end":{"line":71,"column":77}},"41":{"start":{"line":73,"column":4},"end":{"line":73,"column":34}},"42":{"start":{"line":76,"column":26},"end":{"line":181,"column":3}},"43":{"start":{"line":78,"column":4},"end":{"line":78,"column":29}},"44":{"start":{"line":78,"column":22},"end":{"line":78,"column":29}},"45":{"start":{"line":80,"column":4},"end":{"line":83,"column":5}},"46":{"start":{"line":81,"column":6},"end":{"line":81,"column":58}},"47":{"start":{"line":82,"column":6},"end":{"line":82,"column":13}},"48":{"start":{"line":97,"column":4},"end":{"line":97,"column":26}},"49":{"start":{"line":100,"column":27},"end":{"line":110,"column":5}},"50":{"start":{"line":113,"column":4},"end":{"line":113,"column":22}},"51":{"start":{"line":114,"column":4},"end":{"line":114,"column":16}},"52":{"start":{"line":115,"column":4},"end":{"line":115,"column":14}},"53":{"start":{"line":118,"column":4},"end":{"line":180,"column":5}},"54":{"start":{"line":119,"column":28},"end":{"line":124,"column":7}},"55":{"start":{"line":126,"column":6},"end":{"line":130,"column":9}},"56":{"start":{"line":132,"column":36},"end":{"line":136,"column":17}},"57":{"start":{"line":138,"column":6},"end":{"line":147,"column":7}},"58":{"start":{"line":139,"column":8},"end":{"line":145,"column":11}},"59":{"start":{"line":146,"column":8},"end":{"line":146,"column":20}},"60":{"start":{"line":149,"column":6},"end":{"line":149,"column":54}},"61":{"start":{"line":152,"column":6},"end":{"line":152,"column":30}},"62":{"start":{"line":153,"column":6},"end":{"line":153,"column":20}},"63":{"start":{"line":156,"column":6},"end":{"line":156,"column":30}},"64":{"start":{"line":159,"column":27},"end":{"line":159,"column":60}},"65":{"start":{"line":160,"column":24},"end":{"line":160,"column":48}},"66":{"start":{"line":161,"column":27},"end":{"line":161,"column":47}},"67":{"start":{"line":162,"column":24},"end":{"line":162,"column":41}},"68":{"start":{"line":164,"column":6},"end":{"line":170,"column":9}},"69":{"start":{"line":173,"column":26},"end":{"line":175,"column":22}},"70":{"start":{"line":177,"column":6},"end":{"line":177,"column":55}},"71":{"start":{"line":179,"column":6},"end":{"line":179,"column":29}},"72":{"start":{"line":183,"column":26},"end":{"line":304,"column":3}},"73":{"start":{"line":185,"column":4},"end":{"line":185,"column":29}},"74":{"start":{"line":185,"column":22},"end":{"line":185,"column":29}},"75":{"start":{"line":187,"column":4},"end":{"line":190,"column":5}},"76":{"start":{"line":188,"column":6},"end":{"line":188,"column":63}},"77":{"start":{"line":189,"column":6},"end":{"line":189,"column":13}},"78":{"start":{"line":199,"column":18},"end":{"line":199,"column":39}},"79":{"start":{"line":200,"column":20},"end":{"line":200,"column":43}},"80":{"start":{"line":201,"column":17},"end":{"line":201,"column":42}},"81":{"start":{"line":202,"column":25},"end":{"line":202,"column":41}},"82":{"start":{"line":203,"column":27},"end":{"line":203,"column":62}},"83":{"start":{"line":204,"column":26},"end":{"line":204,"column":69}},"84":{"start":{"line":206,"column":4},"end":{"line":209,"column":5}},"85":{"start":{"line":207,"column":6},"end":{"line":207,"column":58}},"86":{"start":{"line":208,"column":6},"end":{"line":208,"column":13}},"87":{"start":{"line":213,"column":4},"end":{"line":303,"column":5}},"88":{"start":{"line":215,"column":6},"end":{"line":215,"column":28}},"89":{"start":{"line":218,"column":27},"end":{"line":218,"column":45}},"90":{"start":{"line":221,"column":6},"end":{"line":225,"column":9}},"91":{"start":{"line":226,"column":6},"end":{"line":226,"column":18}},"92":{"start":{"line":227,"column":6},"end":{"line":227,"column":16}},"93":{"start":{"line":230,"column":6},"end":{"line":253,"column":7}},"94":{"start":{"line":231,"column":38},"end":{"line":240,"column":19}},"95":{"start":{"line":242,"column":8},"end":{"line":242,"column":31}},"96":{"start":{"line":242,"column":19},"end":{"line":242,"column":31}},"97":{"start":{"line":245,"column":8},"end":{"line":245,"column":34}},"98":{"start":{"line":248,"column":8},"end":{"line":248,"column":50}},"99":{"start":{"line":249,"column":24},"end":{"line":249,"column":97}},"100":{"start":{"line":250,"column":8},"end":{"line":250,"column":49}},"101":{"start":{"line":252,"column":8},"end":{"line":252,"column":31}},"102":{"start":{"line":256,"column":6},"end":{"line":256,"column":28}},"103":{"start":{"line":258,"column":29},"end":{"line":268,"column":7}},"104":{"start":{"line":271,"column":6},"end":{"line":271,"column":24}},"105":{"start":{"line":272,"column":6},"end":{"line":272,"column":18}},"106":{"start":{"line":273,"column":6},"end":{"line":273,"column":16}},"107":{"start":{"line":276,"column":6},"end":{"line":302,"column":7}},"108":{"start":{"line":277,"column":38},"end":{"line":288,"column":19}},"109":{"start":{"line":290,"column":8},"end":{"line":290,"column":31}},"110":{"start":{"line":290,"column":19},"end":{"line":290,"column":31}},"111":{"start":{"line":293,"column":8},"end":{"line":293,"column":32}},"112":{"start":{"line":294,"column":8},"end":{"line":294,"column":22}},"113":{"start":{"line":297,"column":8},"end":{"line":297,"column":32}},"114":{"start":{"line":298,"column":24},"end":{"line":298,"column":94}},"115":{"start":{"line":299,"column":8},"end":{"line":299,"column":46}},"116":{"start":{"line":301,"column":8},"end":{"line":301,"column":31}},"117":{"start":{"line":306,"column":20},"end":{"line":316,"column":3}},"118":{"start":{"line":307,"column":4},"end":{"line":307,"column":26}},"119":{"start":{"line":308,"column":4},"end":{"line":308,"column":28}},"120":{"start":{"line":309,"column":4},"end":{"line":309,"column":30}},"121":{"start":{"line":310,"column":4},"end":{"line":310,"column":32}},"122":{"start":{"line":311,"column":4},"end":{"line":311,"column":30}},"123":{"start":{"line":312,"column":4},"end":{"line":312,"column":26}},"124":{"start":{"line":313,"column":4},"end":{"line":313,"column":22}},"125":{"start":{"line":314,"column":4},"end":{"line":314,"column":25}},"126":{"start":{"line":315,"column":4},"end":{"line":315,"column":27}},"127":{"start":{"line":318,"column":22},"end":{"line":321,"column":3}},"128":{"start":{"line":319,"column":4},"end":{"line":319,"column":16}},"129":{"start":{"line":320,"column":4},"end":{"line":320,"column":14}},"130":{"start":{"line":323,"column":2},"end":{"line":521,"column":4}},"131":{"start":{"line":347,"column":33},"end":{"line":347,"column":55}},"132":{"start":{"line":353,"column":33},"end":{"line":353,"column":55}},"133":{"start":{"line":413,"column":24},"end":{"line":413,"column":61}},"134":{"start":{"line":414,"column":24},"end":{"line":414,"column":52}},"135":{"start":{"line":424,"column":28},"end":{"line":443,"column":47}},"136":{"start":{"line":431,"column":32},"end":{"line":431,"column":52}},"137":{"start":{"line":432,"column":32},"end":{"line":432,"column":58}},"138":{"start":{"line":456,"column":24},"end":{"line":456,"column":65}},"139":{"start":{"line":457,"column":24},"end":{"line":457,"column":50}},"140":{"start":{"line":467,"column":28},"end":{"line":486,"column":47}},"141":{"start":{"line":474,"column":32},"end":{"line":474,"column":56}},"142":{"start":{"line":475,"column":32},"end":{"line":475,"column":60}},"143":{"start":{"line":496,"column":20},"end":{"line":509,"column":39}},"144":{"start":{"line":499,"column":37},"end":{"line":499,"column":60}},"145":{"start":{"line":524,"column":15},"end":{"line":749,"column":2}}},"fnMap":{"0":{"name":"AddModal","decl":{"start":{"line":16,"column":24},"end":{"line":16,"column":32}},"loc":{"start":{"line":16,"column":70},"end":{"line":522,"column":1}},"line":16},"1":{"name":"(anonymous_1)","decl":{"start":{"line":30,"column":12},"end":{"line":30,"column":13}},"loc":{"start":{"line":30,"column":18},"end":{"line":49,"column":3}},"line":30},"2":{"name":"(anonymous_2)","decl":{"start":{"line":52,"column":53},"end":{"line":52,"column":54}},"loc":{"start":{"line":52,"column":60},"end":{"line":57,"column":3}},"line":52},"3":{"name":"(anonymous_3)","decl":{"start":{"line":60,"column":55},"end":{"line":60,"column":56}},"loc":{"start":{"line":60,"column":62},"end":{"line":60,"column":71}},"line":60},"4":{"name":"(anonymous_4)","decl":{"start":{"line":64,"column":39},"end":{"line":64,"column":40}},"loc":{"start":{"line":64,"column":46},"end":{"line":74,"column":3}},"line":64},"5":{"name":"(anonymous_5)","decl":{"start":{"line":76,"column":26},"end":{"line":76,"column":27}},"loc":{"start":{"line":76,"column":51},"end":{"line":181,"column":3}},"line":76},"6":{"name":"(anonymous_6)","decl":{"start":{"line":183,"column":26},"end":{"line":183,"column":27}},"loc":{"start":{"line":183,"column":38},"end":{"line":304,"column":3}},"line":183},"7":{"name":"(anonymous_7)","decl":{"start":{"line":306,"column":20},"end":{"line":306,"column":21}},"loc":{"start":{"line":306,"column":26},"end":{"line":316,"column":3}},"line":306},"8":{"name":"(anonymous_8)","decl":{"start":{"line":318,"column":22},"end":{"line":318,"column":23}},"loc":{"start":{"line":318,"column":28},"end":{"line":321,"column":3}},"line":318},"9":{"name":"(anonymous_9)","decl":{"start":{"line":347,"column":27},"end":{"line":347,"column":28}},"loc":{"start":{"line":347,"column":33},"end":{"line":347,"column":55}},"line":347},"10":{"name":"(anonymous_10)","decl":{"start":{"line":353,"column":27},"end":{"line":353,"column":28}},"loc":{"start":{"line":353,"column":33},"end":{"line":353,"column":55}},"line":353},"11":{"name":"(anonymous_11)","decl":{"start":{"line":412,"column":31},"end":{"line":412,"column":32}},"loc":{"start":{"line":412,"column":37},"end":{"line":415,"column":23}},"line":412},"12":{"name":"(anonymous_12)","decl":{"start":{"line":423,"column":45},"end":{"line":423,"column":46}},"loc":{"start":{"line":424,"column":28},"end":{"line":443,"column":47}},"line":424},"13":{"name":"(anonymous_13)","decl":{"start":{"line":430,"column":39},"end":{"line":430,"column":40}},"loc":{"start":{"line":430,"column":45},"end":{"line":433,"column":31}},"line":430},"14":{"name":"(anonymous_14)","decl":{"start":{"line":455,"column":31},"end":{"line":455,"column":32}},"loc":{"start":{"line":455,"column":37},"end":{"line":458,"column":23}},"line":455},"15":{"name":"(anonymous_15)","decl":{"start":{"line":466,"column":47},"end":{"line":466,"column":48}},"loc":{"start":{"line":467,"column":28},"end":{"line":486,"column":47}},"line":467},"16":{"name":"(anonymous_16)","decl":{"start":{"line":473,"column":39},"end":{"line":473,"column":40}},"loc":{"start":{"line":473,"column":45},"end":{"line":476,"column":31}},"line":473},"17":{"name":"(anonymous_17)","decl":{"start":{"line":495,"column":36},"end":{"line":495,"column":37}},"loc":{"start":{"line":496,"column":20},"end":{"line":509,"column":39}},"line":496},"18":{"name":"(anonymous_18)","decl":{"start":{"line":499,"column":31},"end":{"line":499,"column":32}},"loc":{"start":{"line":499,"column":37},"end":{"line":499,"column":60}},"line":499}},"branchMap":{"0":{"loc":{"start":{"line":31,"column":4},"end":{"line":48,"column":5}},"type":"if","locations":[{"start":{"line":31,"column":4},"end":{"line":48,"column":5}},{"start":{},"end":{}}],"line":31},"1":{"loc":{"start":{"line":31,"column":8},"end":{"line":31,"column":52}},"type":"binary-expr","locations":[{"start":{"line":31,"column":8},"end":{"line":31,"column":19}},{"start":{"line":31,"column":23},"end":{"line":31,"column":52}}],"line":31},"2":{"loc":{"start":{"line":34,"column":6},"end":{"line":45,"column":7}},"type":"if","locations":[{"start":{"line":34,"column":6},"end":{"line":45,"column":7}},{"start":{},"end":{}}],"line":34},"3":{"loc":{"start":{"line":36,"column":8},"end":{"line":44,"column":9}},"type":"if","locations":[{"start":{"line":36,"column":8},"end":{"line":44,"column":9}},{"start":{},"end":{}}],"line":36},"4":{"loc":{"start":{"line":41,"column":24},"end":{"line":41,"column":93}},"type":"cond-expr","locations":[{"start":{"line":41,"column":47},"end":{"line":41,"column":57}},{"start":{"line":41,"column":60},"end":{"line":41,"column":93}}],"line":41},"5":{"loc":{"start":{"line":41,"column":24},"end":{"line":41,"column":44}},"type":"binary-expr","locations":[{"start":{"line":41,"column":24},"end":{"line":41,"column":28}},{"start":{"line":41,"column":32},"end":{"line":41,"column":44}}],"line":41},"6":{"loc":{"start":{"line":41,"column":60},"end":{"line":41,"column":93}},"type":"cond-expr","locations":[{"start":{"line":41,"column":84},"end":{"line":41,"column":85}},{"start":{"line":41,"column":88},"end":{"line":41,"column":93}}],"line":41},"7":{"loc":{"start":{"line":41,"column":60},"end":{"line":41,"column":81}},"type":"binary-expr","locations":[{"start":{"line":41,"column":60},"end":{"line":41,"column":65}},{"start":{"line":41,"column":69},"end":{"line":41,"column":81}}],"line":41},"8":{"loc":{"start":{"line":46,"column":24},"end":{"line":46,"column":55}},"type":"binary-expr","locations":[{"start":{"line":46,"column":24},"end":{"line":46,"column":49}},{"start":{"line":46,"column":53},"end":{"line":46,"column":55}}],"line":46},"9":{"loc":{"start":{"line":47,"column":20},"end":{"line":47,"column":42}},"type":"binary-expr","locations":[{"start":{"line":47,"column":20},"end":{"line":47,"column":36}},{"start":{"line":47,"column":40},"end":{"line":47,"column":42}}],"line":47},"10":{"loc":{"start":{"line":70,"column":21},"end":{"line":70,"column":68}},"type":"binary-expr","locations":[{"start":{"line":70,"column":21},"end":{"line":70,"column":42}},{"start":{"line":70,"column":46},"end":{"line":70,"column":68}}],"line":70},"11":{"loc":{"start":{"line":71,"column":23},"end":{"line":71,"column":77}},"type":"binary-expr","locations":[{"start":{"line":71,"column":23},"end":{"line":71,"column":46}},{"start":{"line":71,"column":50},"end":{"line":71,"column":77}}],"line":71},"12":{"loc":{"start":{"line":73,"column":11},"end":{"line":73,"column":33}},"type":"binary-expr","locations":[{"start":{"line":73,"column":11},"end":{"line":73,"column":19}},{"start":{"line":73,"column":23},"end":{"line":73,"column":33}}],"line":73},"13":{"loc":{"start":{"line":78,"column":4},"end":{"line":78,"column":29}},"type":"if","locations":[{"start":{"line":78,"column":4},"end":{"line":78,"column":29}},{"start":{},"end":{}}],"line":78},"14":{"loc":{"start":{"line":80,"column":4},"end":{"line":83,"column":5}},"type":"if","locations":[{"start":{"line":80,"column":4},"end":{"line":83,"column":5}},{"start":{},"end":{}}],"line":80},"15":{"loc":{"start":{"line":102,"column":16},"end":{"line":102,"column":37}},"type":"binary-expr","locations":[{"start":{"line":102,"column":16},"end":{"line":102,"column":29}},{"start":{"line":102,"column":33},"end":{"line":102,"column":37}}],"line":102},"16":{"loc":{"start":{"line":120,"column":18},"end":{"line":120,"column":39}},"type":"binary-expr","locations":[{"start":{"line":120,"column":18},"end":{"line":120,"column":31}},{"start":{"line":120,"column":35},"end":{"line":120,"column":39}}],"line":120},"17":{"loc":{"start":{"line":138,"column":6},"end":{"line":147,"column":7}},"type":"if","locations":[{"start":{"line":138,"column":6},"end":{"line":147,"column":7}},{"start":{},"end":{}}],"line":138},"18":{"loc":{"start":{"line":159,"column":27},"end":{"line":159,"column":60}},"type":"binary-expr","locations":[{"start":{"line":159,"column":27},"end":{"line":159,"column":41}},{"start":{"line":159,"column":45},"end":{"line":159,"column":60}}],"line":159},"19":{"loc":{"start":{"line":160,"column":24},"end":{"line":160,"column":48}},"type":"binary-expr","locations":[{"start":{"line":160,"column":24},"end":{"line":160,"column":35}},{"start":{"line":160,"column":39},"end":{"line":160,"column":48}}],"line":160},"20":{"loc":{"start":{"line":161,"column":27},"end":{"line":161,"column":47}},"type":"binary-expr","locations":[{"start":{"line":161,"column":27},"end":{"line":161,"column":41}},{"start":{"line":161,"column":45},"end":{"line":161,"column":47}}],"line":161},"21":{"loc":{"start":{"line":162,"column":24},"end":{"line":162,"column":41}},"type":"binary-expr","locations":[{"start":{"line":162,"column":24},"end":{"line":162,"column":35}},{"start":{"line":162,"column":39},"end":{"line":162,"column":41}}],"line":162},"22":{"loc":{"start":{"line":173,"column":26},"end":{"line":175,"column":22}},"type":"cond-expr","locations":[{"start":{"line":174,"column":10},"end":{"line":174,"column":55}},{"start":{"line":175,"column":10},"end":{"line":175,"column":22}}],"line":173},"23":{"loc":{"start":{"line":185,"column":4},"end":{"line":185,"column":29}},"type":"if","locations":[{"start":{"line":185,"column":4},"end":{"line":185,"column":29}},{"start":{},"end":{}}],"line":185},"24":{"loc":{"start":{"line":187,"column":4},"end":{"line":190,"column":5}},"type":"if","locations":[{"start":{"line":187,"column":4},"end":{"line":190,"column":5}},{"start":{},"end":{}}],"line":187},"25":{"loc":{"start":{"line":201,"column":17},"end":{"line":201,"column":42}},"type":"cond-expr","locations":[{"start":{"line":201,"column":31},"end":{"line":201,"column":35}},{"start":{"line":201,"column":38},"end":{"line":201,"column":42}}],"line":201},"26":{"loc":{"start":{"line":202,"column":25},"end":{"line":202,"column":41}},"type":"binary-expr","locations":[{"start":{"line":202,"column":25},"end":{"line":202,"column":35}},{"start":{"line":202,"column":39},"end":{"line":202,"column":41}}],"line":202},"27":{"loc":{"start":{"line":206,"column":4},"end":{"line":209,"column":5}},"type":"if","locations":[{"start":{"line":206,"column":4},"end":{"line":209,"column":5}},{"start":{},"end":{}}],"line":206},"28":{"loc":{"start":{"line":213,"column":4},"end":{"line":303,"column":5}},"type":"if","locations":[{"start":{"line":213,"column":4},"end":{"line":303,"column":5}},{"start":{"line":254,"column":11},"end":{"line":303,"column":5}}],"line":213},"29":{"loc":{"start":{"line":224,"column":14},"end":{"line":224,"column":32}},"type":"binary-expr","locations":[{"start":{"line":224,"column":14},"end":{"line":224,"column":24}},{"start":{"line":224,"column":28},"end":{"line":224,"column":32}}],"line":224},"30":{"loc":{"start":{"line":236,"column":18},"end":{"line":236,"column":36}},"type":"binary-expr","locations":[{"start":{"line":236,"column":18},"end":{"line":236,"column":28}},{"start":{"line":236,"column":32},"end":{"line":236,"column":36}}],"line":236},"31":{"loc":{"start":{"line":242,"column":8},"end":{"line":242,"column":31}},"type":"if","locations":[{"start":{"line":242,"column":8},"end":{"line":242,"column":31}},{"start":{},"end":{}}],"line":242},"32":{"loc":{"start":{"line":249,"column":24},"end":{"line":249,"column":97}},"type":"cond-expr","locations":[{"start":{"line":249,"column":49},"end":{"line":249,"column":62}},{"start":{"line":249,"column":65},"end":{"line":249,"column":97}}],"line":249},"33":{"loc":{"start":{"line":260,"column":18},"end":{"line":260,"column":39}},"type":"binary-expr","locations":[{"start":{"line":260,"column":18},"end":{"line":260,"column":31}},{"start":{"line":260,"column":35},"end":{"line":260,"column":39}}],"line":260},"34":{"loc":{"start":{"line":266,"column":14},"end":{"line":266,"column":32}},"type":"binary-expr","locations":[{"start":{"line":266,"column":14},"end":{"line":266,"column":24}},{"start":{"line":266,"column":28},"end":{"line":266,"column":32}}],"line":266},"35":{"loc":{"start":{"line":280,"column":22},"end":{"line":280,"column":43}},"type":"binary-expr","locations":[{"start":{"line":280,"column":22},"end":{"line":280,"column":35}},{"start":{"line":280,"column":39},"end":{"line":280,"column":43}}],"line":280},"36":{"loc":{"start":{"line":285,"column":18},"end":{"line":285,"column":36}},"type":"binary-expr","locations":[{"start":{"line":285,"column":18},"end":{"line":285,"column":28}},{"start":{"line":285,"column":32},"end":{"line":285,"column":36}}],"line":285},"37":{"loc":{"start":{"line":290,"column":8},"end":{"line":290,"column":31}},"type":"if","locations":[{"start":{"line":290,"column":8},"end":{"line":290,"column":31}},{"start":{},"end":{}}],"line":290},"38":{"loc":{"start":{"line":298,"column":24},"end":{"line":298,"column":94}},"type":"cond-expr","locations":[{"start":{"line":298,"column":49},"end":{"line":298,"column":62}},{"start":{"line":298,"column":65},"end":{"line":298,"column":94}}],"line":298},"39":{"loc":{"start":{"line":335,"column":17},"end":{"line":335,"column":71}},"type":"cond-expr","locations":[{"start":{"line":335,"column":31},"end":{"line":335,"column":51}},{"start":{"line":335,"column":54},"end":{"line":335,"column":71}}],"line":335},"40":{"loc":{"start":{"line":343,"column":13},"end":{"line":358,"column":13}},"type":"binary-expr","locations":[{"start":{"line":343,"column":13},"end":{"line":343,"column":25}},{"start":{"line":344,"column":14},"end":{"line":357,"column":21}}],"line":343},"41":{"loc":{"start":{"line":346,"column":43},"end":{"line":346,"column":85}},"type":"binary-expr","locations":[{"start":{"line":346,"column":43},"end":{"line":346,"column":65}},{"start":{"line":346,"column":69},"end":{"line":346,"column":85}}],"line":346},"42":{"loc":{"start":{"line":349,"column":53},"end":{"line":349,"column":99}},"type":"binary-expr","locations":[{"start":{"line":349,"column":53},"end":{"line":349,"column":75}},{"start":{"line":349,"column":79},"end":{"line":349,"column":99}}],"line":349},"43":{"loc":{"start":{"line":352,"column":43},"end":{"line":352,"column":85}},"type":"binary-expr","locations":[{"start":{"line":352,"column":43},"end":{"line":352,"column":65}},{"start":{"line":352,"column":69},"end":{"line":352,"column":85}}],"line":352},"44":{"loc":{"start":{"line":355,"column":53},"end":{"line":355,"column":99}},"type":"binary-expr","locations":[{"start":{"line":355,"column":53},"end":{"line":355,"column":75}},{"start":{"line":355,"column":79},"end":{"line":355,"column":99}}],"line":355},"45":{"loc":{"start":{"line":361,"column":13},"end":{"line":516,"column":20}},"type":"cond-expr","locations":[{"start":{"line":362,"column":14},"end":{"line":402,"column":21}},{"start":{"line":403,"column":16},"end":{"line":516,"column":20}}],"line":361},"46":{"loc":{"start":{"line":361,"column":13},"end":{"line":361,"column":50}},"type":"binary-expr","locations":[{"start":{"line":361,"column":13},"end":{"line":361,"column":24}},{"start":{"line":361,"column":28},"end":{"line":361,"column":50}}],"line":361},"47":{"loc":{"start":{"line":392,"column":47},"end":{"line":392,"column":90}},"type":"binary-expr","locations":[{"start":{"line":392,"column":47},"end":{"line":392,"column":59}},{"start":{"line":392,"column":63},"end":{"line":392,"column":90}}],"line":392},"48":{"loc":{"start":{"line":397,"column":21},"end":{"line":399,"column":84}},"type":"cond-expr","locations":[{"start":{"line":398,"column":25},"end":{"line":398,"column":66}},{"start":{"line":399,"column":25},"end":{"line":399,"column":83}}],"line":397},"49":{"loc":{"start":{"line":398,"column":25},"end":{"line":398,"column":66}},"type":"cond-expr","locations":[{"start":{"line":398,"column":39},"end":{"line":398,"column":52}},{"start":{"line":398,"column":55},"end":{"line":398,"column":66}}],"line":398},"50":{"loc":{"start":{"line":399,"column":25},"end":{"line":399,"column":83}},"type":"cond-expr","locations":[{"start":{"line":399,"column":39},"end":{"line":399,"column":61}},{"start":{"line":399,"column":64},"end":{"line":399,"column":83}}],"line":399},"51":{"loc":{"start":{"line":403,"column":16},"end":{"line":516,"column":20}},"type":"cond-expr","locations":[{"start":{"line":404,"column":14},"end":{"line":515,"column":21}},{"start":{"line":516,"column":16},"end":{"line":516,"column":20}}],"line":403},"52":{"loc":{"start":{"line":418,"column":58},"end":{"line":418,"column":85}},"type":"cond-expr","locations":[{"start":{"line":418,"column":76},"end":{"line":418,"column":79}},{"start":{"line":418,"column":82},"end":{"line":418,"column":85}}],"line":418},"53":{"loc":{"start":{"line":420,"column":21},"end":{"line":447,"column":21}},"type":"binary-expr","locations":[{"start":{"line":420,"column":21},"end":{"line":420,"column":36}},{"start":{"line":421,"column":22},"end":{"line":446,"column":29}}],"line":420},"54":{"loc":{"start":{"line":428,"column":32},"end":{"line":428,"column":82}},"type":"binary-expr","locations":[{"start":{"line":428,"column":32},"end":{"line":428,"column":51}},{"start":{"line":428,"column":55},"end":{"line":428,"column":82}}],"line":428},"55":{"loc":{"start":{"line":438,"column":34},"end":{"line":438,"column":88}},"type":"binary-expr","locations":[{"start":{"line":438,"column":34},"end":{"line":438,"column":53}},{"start":{"line":438,"column":57},"end":{"line":438,"column":88}}],"line":438},"56":{"loc":{"start":{"line":461,"column":58},"end":{"line":461,"column":87}},"type":"cond-expr","locations":[{"start":{"line":461,"column":78},"end":{"line":461,"column":81}},{"start":{"line":461,"column":84},"end":{"line":461,"column":87}}],"line":461},"57":{"loc":{"start":{"line":463,"column":21},"end":{"line":490,"column":21}},"type":"binary-expr","locations":[{"start":{"line":463,"column":21},"end":{"line":463,"column":38}},{"start":{"line":464,"column":22},"end":{"line":489,"column":29}}],"line":463},"58":{"loc":{"start":{"line":471,"column":32},"end":{"line":471,"column":86}},"type":"binary-expr","locations":[{"start":{"line":471,"column":32},"end":{"line":471,"column":55}},{"start":{"line":471,"column":59},"end":{"line":471,"column":86}}],"line":471},"59":{"loc":{"start":{"line":481,"column":34},"end":{"line":481,"column":92}},"type":"binary-expr","locations":[{"start":{"line":481,"column":34},"end":{"line":481,"column":57}},{"start":{"line":481,"column":61},"end":{"line":481,"column":92}}],"line":481},"60":{"loc":{"start":{"line":498,"column":49},"end":{"line":498,"column":90}},"type":"binary-expr","locations":[{"start":{"line":498,"column":49},"end":{"line":498,"column":61}},{"start":{"line":498,"column":65},"end":{"line":498,"column":90}}],"line":498},"61":{"loc":{"start":{"line":511,"column":19},"end":{"line":513,"column":19}},"type":"binary-expr","locations":[{"start":{"line":511,"column":19},"end":{"line":511,"column":44}},{"start":{"line":512,"column":20},"end":{"line":512,"column":74}}],"line":511}},"s":{"0":0,"1":0,"2":0,"3":0,"4":0,"5":0,"6":0,"7":0,"8":0,"9":0,"10":0,"11":0,"12":0,"13":0,"14":0,"15":0,"16":0,"17":0,"18":0,"19":0,"20":0,"21":0,"22":0,"23":0,"24":0,"25":0,"26":0,"27":0,"28":0,"29":0,"30":0,"31":0,"32":0,"33":0,"34":0,"35":0,"36":0,"37":0,"38":0,"39":0,"40":0,"41":0,"42":0,"43":0,"44":0,"45":0,"46":0,"47":0,"48":0,"49":0,"50":0,"51":0,"52":0,"53":0,"54":0,"55":0,"56":0,"57":0,"58":0,"59":0,"60":0,"61":0,"62":0,"63":0,"64":0,"65":0,"66":0,"67":0,"68":0,"69":0,"70":0,"71":0,"72":0,"73":0,"74":0,"75":0,"76":0,"77":0,"78":0,"79":0,"80":0,"81":0,"82":0,"83":0,"84":0,"85":0,"86":0,"87":0,"88":0,"89":0,"90":0,"91":0,"92":0,"93":0,"94":0,"95":0,"96":0,"97":0,"98":0,"99":0,"100":0,"101":0,"102":0,"103":0,"104":0,"105":0,"106":0,"107":0,"108":0,"109":0,"110":0,"111":0,"112":0,"113":0,"114":0,"115":0,"116":0,"117":0,"118":0,"119":0,"120":0,"121":0,"122":0,"123":0,"124":0,"125":0,"126":0,"127":0,"128":0,"129":0,"130":0,"131":0,"132":0,"133":0,"134":0,"135":0,"136":0,"137":0,"138":0,"139":0,"140":0,"141":0,"142":0,"143":0,"144":0,"145":0},"f":{"0":0,"1":0,"2":0,"3":0,"4":0,"5":0,"6":0,"7":0,"8":0,"9":0,"10":0,"11":0,"12":0,"13":0,"14":0,"15":0,"16":0,"17":0,"18":0},"b":{"0":[0,0],"1":[0,0],"2":[0,0],"3":[0,0],"4":[0,0],"5":[0,0],"6":[0,0],"7":[0,0],"8":[0,0],"9":[0,0],"10":[0,0],"11":[0,0],"12":[0,0],"13":[0,0],"14":[0,0],"15":[0,0],"16":[0,0],"17":[0,0],"18":[0,0],"19":[0,0],"20":[0,0],"21":[0,0],"22":[0,0],"23":[0,0],"24":[0,0],"25":[0,0],"26":[0,0],"27":[0,0],"28":[0,0],"29":[0,0],"30":[0,0],"31":[0,0],"32":[0,0],"33":[0,0],"34":[0,0],"35":[0,0],"36":[0,0],"37":[0,0],"38":[0,0],"39":[0,0],"40":[0,0],"41":[0,0],"42":[0,0],"43":[0,0],"44":[0,0],"45":[0,0],"46":[0,0],"47":[0,0],"48":[0,0],"49":[0,0],"50":[0,0],"51":[0,0],"52":[0,0],"53":[0,0],"54":[0,0],"55":[0,0],"56":[0,0],"57":[0,0],"58":[0,0],"59":[0,0],"60":[0,0],"61":[0,0]}}
,"/home/user/PartyPlan/src/components/ArtistPill.tsx": {"path":"/home/user/PartyPlan/src/components/ArtistPill.tsx","statementMap":{"0":{"start":{"line":13,"column":20},"end":{"line":19,"column":3}},"1":{"start":{"line":21,"column":26},"end":{"line":36,"column":3}},"2":{"start":{"line":22,"column":4},"end":{"line":35,"column":5}},"3":{"start":{"line":23,"column":6},"end":{"line":34,"column":8}},"4":{"start":{"line":31,"column":27},"end":{"line":31,"column":42}},"5":{"start":{"line":39,"column":2},"end":{"line":51,"column":3}},"6":{"start":{"line":40,"column":4},"end":{"line":50,"column":6}},"7":{"start":{"line":54,"column":2},"end":{"line":58,"column":4}},"8":{"start":{"line":61,"column":15},"end":{"line":87,"column":2}}},"fnMap":{"0":{"name":"ArtistPill","decl":{"start":{"line":12,"column":24},"end":{"line":12,"column":34}},"loc":{"start":{"line":12,"column":90},"end":{"line":59,"column":1}},"line":12},"1":{"name":"(anonymous_1)","decl":{"start":{"line":21,"column":26},"end":{"line":21,"column":27}},"loc":{"start":{"line":21,"column":32},"end":{"line":36,"column":3}},"line":21},"2":{"name":"(anonymous_2)","decl":{"start":{"line":31,"column":21},"end":{"line":31,"column":22}},"loc":{"start":{"line":31,"column":27},"end":{"line":31,"column":42}},"line":31}},"branchMap":{"0":{"loc":{"start":{"line":15,"column":4},"end":{"line":15,"column":41}},"type":"binary-expr","locations":[{"start":{"line":15,"column":4},"end":{"line":15,"column":24}},{"start":{"line":15,"column":28},"end":{"line":15,"column":41}}],"line":15},"1":{"loc":{"start":{"line":16,"column":4},"end":{"line":16,"column":45}},"type":"binary-expr","locations":[{"start":{"line":16,"column":4},"end":{"line":16,"column":26}},{"start":{"line":16,"column":30},"end":{"line":16,"column":45}}],"line":16},"2":{"loc":{"start":{"line":17,"column":4},"end":{"line":17,"column":39}},"type":"binary-expr","locations":[{"start":{"line":17,"column":4},"end":{"line":17,"column":23}},{"start":{"line":17,"column":27},"end":{"line":17,"column":39}}],"line":17},"3":{"loc":{"start":{"line":18,"column":4},"end":{"line":18,"column":43}},"type":"binary-expr","locations":[{"start":{"line":18,"column":4},"end":{"line":18,"column":25}},{"start":{"line":18,"column":29},"end":{"line":18,"column":43}}],"line":18},"4":{"loc":{"start":{"line":22,"column":4},"end":{"line":35,"column":5}},"type":"if","locations":[{"start":{"line":22,"column":4},"end":{"line":35,"column":5}},{"start":{},"end":{}}],"line":22},"5":{"loc":{"start":{"line":22,"column":8},"end":{"line":22,"column":50}},"type":"binary-expr","locations":[{"start":{"line":22,"column":8},"end":{"line":22,"column":29}},{"start":{"line":22,"column":33},"end":{"line":22,"column":38}},{"start":{"line":22,"column":42},"end":{"line":22,"column":50}}],"line":22},"6":{"loc":{"start":{"line":39,"column":2},"end":{"line":51,"column":3}},"type":"if","locations":[{"start":{"line":39,"column":2},"end":{"line":51,"column":3}},{"start":{},"end":{}}],"line":39},"7":{"loc":{"start":{"line":39,"column":6},"end":{"line":39,"column":48}},"type":"binary-expr","locations":[{"start":{"line":39,"column":6},"end":{"line":39,"column":27}},{"start":{"line":39,"column":31},"end":{"line":39,"column":36}},{"start":{"line":39,"column":40},"end":{"line":39,"column":48}}],"line":39}},"s":{"0":0,"1":0,"2":0,"3":0,"4":0,"5":0,"6":0,"7":0,"8":0},"f":{"0":0,"1":0,"2":0},"b":{"0":[0,0],"1":[0,0],"2":[0,0],"3":[0,0],"4":[0,0],"5":[0,0,0],"6":[0,0],"7":[0,0,0]}}
,"/home/user/PartyPlan/src/components/EditProfileModal.tsx": {"path":"/home/user/PartyPlan/src/components/EditProfileModal.tsx","statementMap":{"0":{"start":{"line":16,"column":36},"end":{"line":16,"column":46}},"1":{"start":{"line":17,"column":42},"end":{"line":17,"column":54}},"2":{"start":{"line":18,"column":30},"end":{"line":18,"column":42}},"3":{"start":{"line":19,"column":34},"end":{"line":19,"column":49}},"4":{"start":{"line":20,"column":54},"end":{"line":20,"column":69}},"5":{"start":{"line":21,"column":42},"end":{"line":21,"column":54}},"6":{"start":{"line":22,"column":50},"end":{"line":22,"column":62}},"7":{"start":{"line":23,"column":50},"end":{"line":23,"column":65}},"8":{"start":{"line":26,"column":4},"end":{"line":35,"column":27}},"9":{"start":{"line":27,"column":8},"end":{"line":30,"column":9}},"10":{"start":{"line":28,"column":12},"end":{"line":28,"column":55}},"11":{"start":{"line":29,"column":12},"end":{"line":29,"column":42}},"12":{"start":{"line":32,"column":8},"end":{"line":32,"column":36}},"13":{"start":{"line":33,"column":8},"end":{"line":33,"column":27}},"14":{"start":{"line":34,"column":8},"end":{"line":34,"column":31}},"15":{"start":{"line":37,"column":23},"end":{"line":74,"column":5}},"16":{"start":{"line":38,"column":8},"end":{"line":38,"column":29}},"17":{"start":{"line":38,"column":22},"end":{"line":38,"column":29}},"18":{"start":{"line":40,"column":8},"end":{"line":43,"column":9}},"19":{"start":{"line":41,"column":12},"end":{"line":41,"column":61}},"20":{"start":{"line":42,"column":12},"end":{"line":42,"column":19}},"21":{"start":{"line":45,"column":8},"end":{"line":48,"column":9}},"22":{"start":{"line":46,"column":12},"end":{"line":46,"column":54}},"23":{"start":{"line":47,"column":12},"end":{"line":47,"column":19}},"24":{"start":{"line":50,"column":8},"end":{"line":50,"column":25}},"25":{"start":{"line":51,"column":8},"end":{"line":73,"column":9}},"26":{"start":{"line":52,"column":36},"end":{"line":60,"column":25}},"27":{"start":{"line":62,"column":12},"end":{"line":62,"column":35}},"28":{"start":{"line":62,"column":23},"end":{"line":62,"column":35}},"29":{"start":{"line":65,"column":12},"end":{"line":65,"column":40}},"30":{"start":{"line":66,"column":12},"end":{"line":66,"column":67}},"31":{"start":{"line":67,"column":12},"end":{"line":67,"column":22}},"32":{"start":{"line":69,"column":28},"end":{"line":69,"column":95}},"33":{"start":{"line":70,"column":12},"end":{"line":70,"column":42}},"34":{"start":{"line":72,"column":12},"end":{"line":72,"column":30}},"35":{"start":{"line":76,"column":32},"end":{"line":110,"column":5}},"36":{"start":{"line":77,"column":8},"end":{"line":80,"column":9}},"37":{"start":{"line":78,"column":12},"end":{"line":78,"column":72}},"38":{"start":{"line":79,"column":12},"end":{"line":79,"column":19}},"39":{"start":{"line":82,"column":8},"end":{"line":85,"column":9}},"40":{"start":{"line":83,"column":12},"end":{"line":83,"column":75}},"41":{"start":{"line":84,"column":12},"end":{"line":84,"column":19}},"42":{"start":{"line":87,"column":8},"end":{"line":90,"column":9}},"43":{"start":{"line":88,"column":12},"end":{"line":88,"column":59}},"44":{"start":{"line":89,"column":12},"end":{"line":89,"column":19}},"45":{"start":{"line":92,"column":8},"end":{"line":92,"column":33}},"46":{"start":{"line":93,"column":8},"end":{"line":109,"column":9}},"47":{"start":{"line":94,"column":30},"end":{"line":96,"column":14}},"48":{"start":{"line":98,"column":12},"end":{"line":98,"column":35}},"49":{"start":{"line":98,"column":23},"end":{"line":98,"column":35}},"50":{"start":{"line":100,"column":12},"end":{"line":100,"column":68}},"51":{"start":{"line":101,"column":12},"end":{"line":101,"column":40}},"52":{"start":{"line":102,"column":12},"end":{"line":102,"column":31}},"53":{"start":{"line":103,"column":12},"end":{"line":103,"column":35}},"54":{"start":{"line":105,"column":28},"end":{"line":105,"column":96}},"55":{"start":{"line":106,"column":12},"end":{"line":106,"column":42}},"56":{"start":{"line":108,"column":12},"end":{"line":108,"column":38}},"57":{"start":{"line":112,"column":38},"end":{"line":116,"column":5}},"58":{"start":{"line":113,"column":8},"end":{"line":113,"column":36}},"59":{"start":{"line":114,"column":8},"end":{"line":114,"column":27}},"60":{"start":{"line":115,"column":8},"end":{"line":115,"column":31}},"61":{"start":{"line":118,"column":4},"end":{"line":249,"column":6}},"62":{"start":{"line":169,"column":47},"end":{"line":169,"column":73}},"63":{"start":{"line":252,"column":15},"end":{"line":394,"column":2}}},"fnMap":{"0":{"name":"EditProfileModal","decl":{"start":{"line":15,"column":24},"end":{"line":15,"column":40}},"loc":{"start":{"line":15,"column":86},"end":{"line":250,"column":1}},"line":15},"1":{"name":"(anonymous_1)","decl":{"start":{"line":26,"column":14},"end":{"line":26,"column":15}},"loc":{"start":{"line":26,"column":20},"end":{"line":35,"column":5}},"line":26},"2":{"name":"(anonymous_2)","decl":{"start":{"line":37,"column":23},"end":{"line":37,"column":24}},"loc":{"start":{"line":37,"column":35},"end":{"line":74,"column":5}},"line":37},"3":{"name":"(anonymous_3)","decl":{"start":{"line":76,"column":32},"end":{"line":76,"column":33}},"loc":{"start":{"line":76,"column":44},"end":{"line":110,"column":5}},"line":76},"4":{"name":"(anonymous_4)","decl":{"start":{"line":112,"column":38},"end":{"line":112,"column":39}},"loc":{"start":{"line":112,"column":44},"end":{"line":116,"column":5}},"line":112},"5":{"name":"(anonymous_5)","decl":{"start":{"line":169,"column":41},"end":{"line":169,"column":42}},"loc":{"start":{"line":169,"column":47},"end":{"line":169,"column":73}},"line":169}},"branchMap":{"0":{"loc":{"start":{"line":27,"column":8},"end":{"line":30,"column":9}},"type":"if","locations":[{"start":{"line":27,"column":8},"end":{"line":30,"column":9}},{"start":{},"end":{}}],"line":27},"1":{"loc":{"start":{"line":28,"column":27},"end":{"line":28,"column":53}},"type":"binary-expr","locations":[{"start":{"line":28,"column":27},"end":{"line":28,"column":47}},{"start":{"line":28,"column":51},"end":{"line":28,"column":53}}],"line":28},"2":{"loc":{"start":{"line":29,"column":21},"end":{"line":29,"column":40}},"type":"binary-expr","locations":[{"start":{"line":29,"column":21},"end":{"line":29,"column":34}},{"start":{"line":29,"column":38},"end":{"line":29,"column":40}}],"line":29},"3":{"loc":{"start":{"line":38,"column":8},"end":{"line":38,"column":29}},"type":"if","locations":[{"start":{"line":38,"column":8},"end":{"line":38,"column":29}},{"start":{},"end":{}}],"line":38},"4":{"loc":{"start":{"line":40,"column":8},"end":{"line":43,"column":9}},"type":"if","locations":[{"start":{"line":40,"column":8},"end":{"line":43,"column":9}},{"start":{},"end":{}}],"line":40},"5":{"loc":{"start":{"line":45,"column":8},"end":{"line":48,"column":9}},"type":"if","locations":[{"start":{"line":45,"column":8},"end":{"line":48,"column":9}},{"start":{},"end":{}}],"line":45},"6":{"loc":{"start":{"line":62,"column":12},"end":{"line":62,"column":35}},"type":"if","locations":[{"start":{"line":62,"column":12},"end":{"line":62,"column":35}},{"start":{},"end":{}}],"line":62},"7":{"loc":{"start":{"line":69,"column":28},"end":{"line":69,"column":95}},"type":"cond-expr","locations":[{"start":{"line":69,"column":53},"end":{"line":69,"column":66}},{"start":{"line":69,"column":69},"end":{"line":69,"column":95}}],"line":69},"8":{"loc":{"start":{"line":77,"column":8},"end":{"line":80,"column":9}},"type":"if","locations":[{"start":{"line":77,"column":8},"end":{"line":80,"column":9}},{"start":{},"end":{}}],"line":77},"9":{"loc":{"start":{"line":77,"column":12},"end":{"line":77,"column":44}},"type":"binary-expr","locations":[{"start":{"line":77,"column":12},"end":{"line":77,"column":24}},{"start":{"line":77,"column":28},"end":{"line":77,"column":44}}],"line":77},"10":{"loc":{"start":{"line":82,"column":8},"end":{"line":85,"column":9}},"type":"if","locations":[{"start":{"line":82,"column":8},"end":{"line":85,"column":9}},{"start":{},"end":{}}],"line":82},"11":{"loc":{"start":{"line":87,"column":8},"end":{"line":90,"column":9}},"type":"if","locations":[{"start":{"line":87,"column":8},"end":{"line":90,"column":9}},{"start":{},"end":{}}],"line":87},"12":{"loc":{"start":{"line":98,"column":12},"end":{"line":98,"column":35}},"type":"if","locations":[{"start":{"line":98,"column":12},"end":{"line":98,"column":35}},{"start":{},"end":{}}],"line":98},"13":{"loc":{"start":{"line":105,"column":28},"end":{"line":105,"column":96}},"type":"cond-expr","locations":[{"start":{"line":105,"column":53},"end":{"line":105,"column":66}},{"start":{"line":105,"column":69},"end":{"line":105,"column":96}}],"line":105},"14":{"loc":{"start":{"line":166,"column":25},"end":{"line":225,"column":25}},"type":"cond-expr","locations":[{"start":{"line":167,"column":28},"end":{"line":173,"column":47}},{"start":{"line":175,"column":28},"end":{"line":224,"column":35}}],"line":166},"15":{"loc":{"start":{"line":220,"column":45},"end":{"line":220,"column":96}},"type":"cond-expr","locations":[{"start":{"line":220,"column":63},"end":{"line":220,"column":76}},{"start":{"line":220,"column":79},"end":{"line":220,"column":96}}],"line":220},"16":{"loc":{"start":{"line":242,"column":33},"end":{"line":242,"column":71}},"type":"cond-expr","locations":[{"start":{"line":242,"column":43},"end":{"line":242,"column":54}},{"start":{"line":242,"column":57},"end":{"line":242,"column":71}}],"line":242}},"s":{"0":0,"1":0,"2":0,"3":0,"4":0,"5":0,"6":0,"7":0,"8":0,"9":0,"10":0,"11":0,"12":0,"13":0,"14":0,"15":0,"16":0,"17":0,"18":0,"19":0,"20":0,"21":0,"22":0,"23":0,"24":0,"25":0,"26":0,"27":0,"28":0,"29":0,"30":0,"31":0,"32":0,"33":0,"34":0,"35":0,"36":0,"37":0,"38":0,"39":0,"40":0,"41":0,"42":0,"43":0,"44":0,"45":0,"46":0,"47":0,"48":0,"49":0,"50":0,"51":0,"52":0,"53":0,"54":0,"55":0,"56":0,"57":0,"58":0,"59":0,"60":0,"61":0,"62":0,"63":0},"f":{"0":0,"1":0,"2":0,"3":0,"4":0,"5":0},"b":{"0":[0,0],"1":[0,0],"2":[0,0],"3":[0,0],"4":[0,0],"5":[0,0],"6":[0,0],"7":[0,0],"8":[0,0],"9":[0,0],"10":[0,0],"11":[0,0],"12":[0,0],"13":[0,0],"14":[0,0],"15":[0,0],"16":[0,0]}}
,"/home/user/PartyPlan/src/components/EmojiPicker.tsx": {"path":"/home/user/PartyPlan/src/components/EmojiPicker.tsx","statementMap":{"0":{"start":{"line":10,"column":15},"end":{"line":13,"column":1}},"1":{"start":{"line":16,"column":2},"end":{"line":35,"column":4}},"2":{"start":{"line":19,"column":8},"end":{"line":32,"column":15}},"3":{"start":{"line":21,"column":31},"end":{"line":21,"column":54}},"4":{"start":{"line":22,"column":12},"end":{"line":30,"column":14}},"5":{"start":{"line":26,"column":31},"end":{"line":26,"column":51}},"6":{"start":{"line":38,"column":15},"end":{"line":64,"column":2}}},"fnMap":{"0":{"name":"EmojiPicker","decl":{"start":{"line":15,"column":24},"end":{"line":15,"column":35}},"loc":{"start":{"line":15,"column":88},"end":{"line":36,"column":1}},"line":15},"1":{"name":"(anonymous_1)","decl":{"start":{"line":18,"column":18},"end":{"line":18,"column":19}},"loc":{"start":{"line":19,"column":8},"end":{"line":32,"column":15}},"line":19},"2":{"name":"(anonymous_2)","decl":{"start":{"line":20,"column":19},"end":{"line":20,"column":20}},"loc":{"start":{"line":20,"column":30},"end":{"line":31,"column":11}},"line":20},"3":{"name":"(anonymous_3)","decl":{"start":{"line":26,"column":25},"end":{"line":26,"column":26}},"loc":{"start":{"line":26,"column":31},"end":{"line":26,"column":51}},"line":26}},"branchMap":{"0":{"loc":{"start":{"line":25,"column":44},"end":{"line":25,"column":84}},"type":"binary-expr","locations":[{"start":{"line":25,"column":44},"end":{"line":25,"column":54}},{"start":{"line":25,"column":58},"end":{"line":25,"column":84}}],"line":25}},"s":{"0":0,"1":0,"2":0,"3":0,"4":0,"5":0,"6":0},"f":{"0":0,"1":0,"2":0,"3":0},"b":{"0":[0,0]}}
,"/home/user/PartyPlan/src/components/ErrorBoundary.tsx": {"path":"/home/user/PartyPlan/src/components/ErrorBoundary.tsx","statementMap":{"0":{"start":{"line":4,"column":15},"end":{"line":12,"column":1}},"1":{"start":{"line":29,"column":4},"end":{"line":29,"column":17}},"2":{"start":{"line":30,"column":4},"end":{"line":33,"column":6}},"3":{"start":{"line":38,"column":4},"end":{"line":41,"column":6}},"4":{"start":{"line":46,"column":4},"end":{"line":46,"column":70}},"5":{"start":{"line":49,"column":16},"end":{"line":55,"column":3}},"6":{"start":{"line":51,"column":4},"end":{"line":54,"column":7}},"7":{"start":{"line":58,"column":4},"end":{"line":80,"column":5}},"8":{"start":{"line":59,"column":6},"end":{"line":79,"column":8}},"9":{"start":{"line":82,"column":4},"end":{"line":82,"column":31}},"10":{"start":{"line":86,"column":15},"end":{"line":142,"column":2}}},"fnMap":{"0":{"name":"(anonymous_0)","decl":{"start":{"line":28,"column":2},"end":{"line":28,"column":3}},"loc":{"start":{"line":28,"column":41},"end":{"line":34,"column":3}},"line":28},"1":{"name":"(anonymous_1)","decl":{"start":{"line":36,"column":2},"end":{"line":36,"column":3}},"loc":{"start":{"line":36,"column":68},"end":{"line":42,"column":3}},"line":36},"2":{"name":"(anonymous_2)","decl":{"start":{"line":44,"column":2},"end":{"line":44,"column":3}},"loc":{"start":{"line":44,"column":62},"end":{"line":47,"column":3}},"line":44},"3":{"name":"(anonymous_3)","decl":{"start":{"line":49,"column":16},"end":{"line":49,"column":17}},"loc":{"start":{"line":49,"column":28},"end":{"line":55,"column":3}},"line":49},"4":{"name":"(anonymous_4)","decl":{"start":{"line":57,"column":2},"end":{"line":57,"column":3}},"loc":{"start":{"line":57,"column":22},"end":{"line":83,"column":3}},"line":57}},"branchMap":{"0":{"loc":{"start":{"line":58,"column":4},"end":{"line":80,"column":5}},"type":"if","locations":[{"start":{"line":58,"column":4},"end":{"line":80,"column":5}},{"start":{},"end":{}}],"line":58},"1":{"loc":{"start":{"line":65,"column":15},"end":{"line":65,"column":74}},"type":"binary-expr","locations":[{"start":{"line":65,"column":15},"end":{"line":65,"column":40}},{"start":{"line":65,"column":44},"end":{"line":65,"column":74}}],"line":65}},"s":{"0":0,"1":0,"2":0,"3":0,"4":0,"5":0,"6":0,"7":0,"8":0,"9":0,"10":0},"f":{"0":0,"1":0,"2":0,"3":0,"4":0},"b":{"0":[0,0],"1":[0,0]}}
,"/home/user/PartyPlan/src/components/Fab.tsx": {"path":"/home/user/PartyPlan/src/components/Fab.tsx","statementMap":{"0":{"start":{"line":10,"column":2},"end":{"line":14,"column":4}},"1":{"start":{"line":17,"column":15},"end":{"line":51,"column":2}}},"fnMap":{"0":{"name":"Fab","decl":{"start":{"line":9,"column":24},"end":{"line":9,"column":27}},"loc":{"start":{"line":9,"column":51},"end":{"line":15,"column":1}},"line":9}},"branchMap":{},"s":{"0":0,"1":0},"f":{"0":0},"b":{}}
,"/home/user/PartyPlan/src/components/NetworkDiagnostics.tsx": {"path":"/home/user/PartyPlan/src/components/NetworkDiagnostics.tsx","statementMap":{"0":{"start":{"line":7,"column":15},"end":{"line":16,"column":1}},"1":{"start":{"line":26,"column":32},"end":{"line":26,"column":64}},"2":{"start":{"line":27,"column":32},"end":{"line":27,"column":47}},"3":{"start":{"line":29,"column":22},"end":{"line":29,"column":115}},"4":{"start":{"line":31,"column":23},"end":{"line":42,"column":3}},"5":{"start":{"line":32,"column":4},"end":{"line":41,"column":7}},"6":{"start":{"line":33,"column":20},"end":{"line":33,"column":56}},"7":{"start":{"line":33,"column":40},"end":{"line":33,"column":55}},"8":{"start":{"line":34,"column":24},"end":{"line":34,"column":58}},"9":{"start":{"line":35,"column":6},"end":{"line":39,"column":7}},"10":{"start":{"line":36,"column":27},"end":{"line":36,"column":36}},"11":{"start":{"line":37,"column":8},"end":{"line":37,"column":38}},"12":{"start":{"line":38,"column":8},"end":{"line":38,"column":26}},"13":{"start":{"line":40,"column":6},"end":{"line":40,"column":34}},"14":{"start":{"line":44,"column":25},"end":{"line":173,"column":3}},"15":{"start":{"line":45,"column":4},"end":{"line":45,"column":21}},"16":{"start":{"line":46,"column":4},"end":{"line":46,"column":19}},"17":{"start":{"line":49,"column":4},"end":{"line":49,"column":75}},"18":{"start":{"line":50,"column":4},"end":{"line":55,"column":5}},"19":{"start":{"line":51,"column":22},"end":{"line":51,"column":43}},"20":{"start":{"line":52,"column":6},"end":{"line":52,"column":110}},"21":{"start":{"line":54,"column":6},"end":{"line":54,"column":66}},"22":{"start":{"line":58,"column":4},"end":{"line":58,"column":66}},"23":{"start":{"line":59,"column":4},"end":{"line":66,"column":5}},"24":{"start":{"line":60,"column":6},"end":{"line":60,"column":59}},"25":{"start":{"line":61,"column":20},"end":{"line":61,"column":58}},"26":{"start":{"line":62,"column":6},"end":{"line":62,"column":48}},"27":{"start":{"line":63,"column":6},"end":{"line":63,"column":103}},"28":{"start":{"line":65,"column":6},"end":{"line":65,"column":66}},"29":{"start":{"line":69,"column":4},"end":{"line":69,"column":72}},"30":{"start":{"line":70,"column":4},"end":{"line":82,"column":5}},"31":{"start":{"line":71,"column":18},"end":{"line":71,"column":71}},"32":{"start":{"line":72,"column":18},"end":{"line":72,"column":76}},"33":{"start":{"line":73,"column":21},"end":{"line":73,"column":56}},"34":{"start":{"line":74,"column":21},"end":{"line":74,"column":45}},"35":{"start":{"line":75,"column":6},"end":{"line":79,"column":7}},"36":{"start":{"line":76,"column":8},"end":{"line":76,"column":100}},"37":{"start":{"line":78,"column":8},"end":{"line":78,"column":90}},"38":{"start":{"line":81,"column":6},"end":{"line":81,"column":62}},"39":{"start":{"line":85,"column":4},"end":{"line":85,"column":61}},"40":{"start":{"line":86,"column":4},"end":{"line":101,"column":5}},"41":{"start":{"line":87,"column":23},"end":{"line":92,"column":8}},"42":{"start":{"line":93,"column":19},"end":{"line":93,"column":40}},"43":{"start":{"line":94,"column":6},"end":{"line":94,"column":111}},"44":{"start":{"line":96,"column":6},"end":{"line":100,"column":9}},"45":{"start":{"line":104,"column":4},"end":{"line":126,"column":5}},"46":{"start":{"line":105,"column":6},"end":{"line":105,"column":73}},"47":{"start":{"line":106,"column":6},"end":{"line":125,"column":7}},"48":{"start":{"line":107,"column":25},"end":{"line":112,"column":10}},"49":{"start":{"line":113,"column":8},"end":{"line":117,"column":11}},"50":{"start":{"line":119,"column":8},"end":{"line":124,"column":11}},"51":{"start":{"line":129,"column":4},"end":{"line":170,"column":5}},"52":{"start":{"line":130,"column":6},"end":{"line":130,"column":84}},"53":{"start":{"line":131,"column":6},"end":{"line":169,"column":7}},"54":{"start":{"line":132,"column":24},"end":{"line":132,"column":55}},"55":{"start":{"line":133,"column":8},"end":{"line":133,"column":50}},"56":{"start":{"line":135,"column":25},"end":{"line":145,"column":10}},"57":{"start":{"line":147,"column":21},"end":{"line":147,"column":42}},"58":{"start":{"line":149,"column":8},"end":{"line":153,"column":9}},"59":{"start":{"line":150,"column":10},"end":{"line":150,"column":34}},"60":{"start":{"line":152,"column":10},"end":{"line":152,"column":22}},"61":{"start":{"line":155,"column":8},"end":{"line":161,"column":11}},"62":{"start":{"line":163,"column":8},"end":{"line":168,"column":11}},"63":{"start":{"line":172,"column":4},"end":{"line":172,"column":22}},"64":{"start":{"line":175,"column":2},"end":{"line":216,"column":4}},"65":{"start":{"line":193,"column":8},"end":{"line":213,"column":15}},"66":{"start":{"line":219,"column":15},"end":{"line":303,"column":2}}},"fnMap":{"0":{"name":"NetworkDiagnostics","decl":{"start":{"line":25,"column":24},"end":{"line":25,"column":42}},"loc":{"start":{"line":25,"column":45},"end":{"line":217,"column":1}},"line":25},"1":{"name":"(anonymous_1)","decl":{"start":{"line":31,"column":23},"end":{"line":31,"column":24}},"loc":{"start":{"line":31,"column":109},"end":{"line":42,"column":3}},"line":31},"2":{"name":"(anonymous_2)","decl":{"start":{"line":32,"column":15},"end":{"line":32,"column":16}},"loc":{"start":{"line":32,"column":23},"end":{"line":41,"column":5}},"line":32},"3":{"name":"(anonymous_3)","decl":{"start":{"line":33,"column":35},"end":{"line":33,"column":36}},"loc":{"start":{"line":33,"column":40},"end":{"line":33,"column":55}},"line":33},"4":{"name":"(anonymous_4)","decl":{"start":{"line":44,"column":25},"end":{"line":44,"column":26}},"loc":{"start":{"line":44,"column":37},"end":{"line":173,"column":3}},"line":44},"5":{"name":"(anonymous_5)","decl":{"start":{"line":192,"column":19},"end":{"line":192,"column":20}},"loc":{"start":{"line":193,"column":8},"end":{"line":213,"column":15}},"line":193}},"branchMap":{"0":{"loc":{"start":{"line":29,"column":22},"end":{"line":29,"column":115}},"type":"binary-expr","locations":[{"start":{"line":29,"column":22},"end":{"line":29,"column":75}},{"start":{"line":29,"column":79},"end":{"line":29,"column":115}}],"line":29},"1":{"loc":{"start":{"line":35,"column":6},"end":{"line":39,"column":7}},"type":"if","locations":[{"start":{"line":35,"column":6},"end":{"line":39,"column":7}},{"start":{},"end":{}}],"line":35},"2":{"loc":{"start":{"line":73,"column":21},"end":{"line":73,"column":56}},"type":"binary-expr","locations":[{"start":{"line":73,"column":21},"end":{"line":73,"column":26}},{"start":{"line":73,"column":30},"end":{"line":73,"column":56}}],"line":73},"3":{"loc":{"start":{"line":74,"column":21},"end":{"line":74,"column":45}},"type":"binary-expr","locations":[{"start":{"line":74,"column":21},"end":{"line":74,"column":26}},{"start":{"line":74,"column":30},"end":{"line":74,"column":45}}],"line":74},"4":{"loc":{"start":{"line":75,"column":6},"end":{"line":79,"column":7}},"type":"if","locations":[{"start":{"line":75,"column":6},"end":{"line":79,"column":7}},{"start":{"line":77,"column":13},"end":{"line":79,"column":7}}],"line":75},"5":{"loc":{"start":{"line":75,"column":10},"end":{"line":75,"column":26}},"type":"binary-expr","locations":[{"start":{"line":75,"column":10},"end":{"line":75,"column":16}},{"start":{"line":75,"column":20},"end":{"line":75,"column":26}}],"line":75},"6":{"loc":{"start":{"line":104,"column":4},"end":{"line":126,"column":5}},"type":"if","locations":[{"start":{"line":104,"column":4},"end":{"line":126,"column":5}},{"start":{},"end":{}}],"line":104},"7":{"loc":{"start":{"line":129,"column":4},"end":{"line":170,"column":5}},"type":"if","locations":[{"start":{"line":129,"column":4},"end":{"line":170,"column":5}},{"start":{},"end":{}}],"line":129},"8":{"loc":{"start":{"line":139,"column":22},"end":{"line":139,"column":86}},"type":"binary-expr","locations":[{"start":{"line":139,"column":22},"end":{"line":139,"column":80}},{"start":{"line":139,"column":84},"end":{"line":139,"column":86}}],"line":139},"9":{"loc":{"start":{"line":155,"column":38},"end":{"line":155,"column":71}},"type":"cond-expr","locations":[{"start":{"line":155,"column":52},"end":{"line":155,"column":61}},{"start":{"line":155,"column":64},"end":{"line":155,"column":71}}],"line":155},"10":{"loc":{"start":{"line":181,"column":31},"end":{"line":181,"column":63}},"type":"binary-expr","locations":[{"start":{"line":181,"column":31},"end":{"line":181,"column":38}},{"start":{"line":181,"column":42},"end":{"line":181,"column":63}}],"line":181},"11":{"loc":{"start":{"line":185,"column":9},"end":{"line":189,"column":9}},"type":"cond-expr","locations":[{"start":{"line":186,"column":10},"end":{"line":186,"column":58}},{"start":{"line":188,"column":10},"end":{"line":188,"column":64}}],"line":185},"12":{"loc":{"start":{"line":198,"column":14},"end":{"line":198,"column":65}},"type":"binary-expr","locations":[{"start":{"line":198,"column":14},"end":{"line":198,"column":41}},{"start":{"line":198,"column":45},"end":{"line":198,"column":65}}],"line":198},"13":{"loc":{"start":{"line":199,"column":14},"end":{"line":199,"column":61}},"type":"binary-expr","locations":[{"start":{"line":199,"column":14},"end":{"line":199,"column":39}},{"start":{"line":199,"column":43},"end":{"line":199,"column":61}}],"line":199},"14":{"loc":{"start":{"line":200,"column":14},"end":{"line":200,"column":65}},"type":"binary-expr","locations":[{"start":{"line":200,"column":14},"end":{"line":200,"column":41}},{"start":{"line":200,"column":45},"end":{"line":200,"column":65}}],"line":200},"15":{"loc":{"start":{"line":206,"column":11},"end":{"line":212,"column":11}},"type":"binary-expr","locations":[{"start":{"line":206,"column":11},"end":{"line":206,"column":25}},{"start":{"line":207,"column":12},"end":{"line":211,"column":25}}],"line":206}},"s":{"0":0,"1":0,"2":0,"3":0,"4":0,"5":0,"6":0,"7":0,"8":0,"9":0,"10":0,"11":0,"12":0,"13":0,"14":0,"15":0,"16":0,"17":0,"18":0,"19":0,"20":0,"21":0,"22":0,"23":0,"24":0,"25":0,"26":0,"27":0,"28":0,"29":0,"30":0,"31":0,"32":0,"33":0,"34":0,"35":0,"36":0,"37":0,"38":0,"39":0,"40":0,"41":0,"42":0,"43":0,"44":0,"45":0,"46":0,"47":0,"48":0,"49":0,"50":0,"51":0,"52":0,"53":0,"54":0,"55":0,"56":0,"57":0,"58":0,"59":0,"60":0,"61":0,"62":0,"63":0,"64":0,"65":0,"66":0},"f":{"0":0,"1":0,"2":0,"3":0,"4":0,"5":0},"b":{"0":[0,0],"1":[0,0],"2":[0,0],"3":[0,0],"4":[0,0],"5":[0,0],"6":[0,0],"7":[0,0],"8":[0,0],"9":[0,0],"10":[0,0],"11":[0,0],"12":[0,0],"13":[0,0],"14":[0,0],"15":[0,0]}}
,"/home/user/PartyPlan/src/components/SetDetailModal.tsx": {"path":"/home/user/PartyPlan/src/components/SetDetailModal.tsx","statementMap":{"0":{"start":{"line":36,"column":2},"end":{"line":36,"column":30}},"1":{"start":{"line":36,"column":18},"end":{"line":36,"column":30}},"2":{"start":{"line":38,"column":22},"end":{"line":38,"column":58}},"3":{"start":{"line":40,"column":31},"end":{"line":61,"column":3}},"4":{"start":{"line":41,"column":4},"end":{"line":60,"column":5}},"5":{"start":{"line":42,"column":6},"end":{"line":56,"column":8}},"6":{"start":{"line":51,"column":14},"end":{"line":51,"column":54}},"7":{"start":{"line":52,"column":14},"end":{"line":52,"column":24}},"8":{"start":{"line":58,"column":6},"end":{"line":58,"column":41}},"9":{"start":{"line":59,"column":6},"end":{"line":59,"column":16}},"10":{"start":{"line":63,"column":2},"end":{"line":157,"column":4}},"11":{"start":{"line":78,"column":26},"end":{"line":78,"column":45}},"12":{"start":{"line":134,"column":20},"end":{"line":137,"column":27}},"13":{"start":{"line":160,"column":15},"end":{"line":276,"column":2}}},"fnMap":{"0":{"name":"SetDetailModal","decl":{"start":{"line":29,"column":24},"end":{"line":29,"column":38}},"loc":{"start":{"line":35,"column":24},"end":{"line":158,"column":1}},"line":35},"1":{"name":"(anonymous_1)","decl":{"start":{"line":40,"column":31},"end":{"line":40,"column":32}},"loc":{"start":{"line":40,"column":37},"end":{"line":61,"column":3}},"line":40},"2":{"name":"(anonymous_2)","decl":{"start":{"line":50,"column":21},"end":{"line":50,"column":22}},"loc":{"start":{"line":50,"column":27},"end":{"line":53,"column":13}},"line":50},"3":{"name":"(anonymous_3)","decl":{"start":{"line":78,"column":19},"end":{"line":78,"column":20}},"loc":{"start":{"line":78,"column":26},"end":{"line":78,"column":45}},"line":78},"4":{"name":"(anonymous_4)","decl":{"start":{"line":133,"column":43},"end":{"line":133,"column":44}},"loc":{"start":{"line":134,"column":20},"end":{"line":137,"column":27}},"line":134}},"branchMap":{"0":{"loc":{"start":{"line":36,"column":2},"end":{"line":36,"column":30}},"type":"if","locations":[{"start":{"line":36,"column":2},"end":{"line":36,"column":30}},{"start":{},"end":{}}],"line":36},"1":{"loc":{"start":{"line":41,"column":4},"end":{"line":60,"column":5}},"type":"if","locations":[{"start":{"line":41,"column":4},"end":{"line":60,"column":5}},{"start":{"line":57,"column":11},"end":{"line":60,"column":5}}],"line":41},"2":{"loc":{"start":{"line":89,"column":13},"end":{"line":97,"column":13}},"type":"binary-expr","locations":[{"start":{"line":89,"column":13},"end":{"line":89,"column":24}},{"start":{"line":90,"column":14},"end":{"line":96,"column":21}}],"line":89},"3":{"loc":{"start":{"line":123,"column":19},"end":{"line":123,"column":78}},"type":"cond-expr","locations":[{"start":{"line":123,"column":41},"end":{"line":123,"column":56}},{"start":{"line":123,"column":59},"end":{"line":123,"column":78}}],"line":123},"4":{"loc":{"start":{"line":131,"column":15},"end":{"line":144,"column":15}},"type":"cond-expr","locations":[{"start":{"line":132,"column":16},"end":{"line":139,"column":23}},{"start":{"line":141,"column":16},"end":{"line":143,"column":23}}],"line":131},"5":{"loc":{"start":{"line":131,"column":15},"end":{"line":131,"column":68}},"type":"binary-expr","locations":[{"start":{"line":131,"column":15},"end":{"line":131,"column":34}},{"start":{"line":131,"column":38},"end":{"line":131,"column":68}}],"line":131}},"s":{"0":0,"1":0,"2":0,"3":0,"4":0,"5":0,"6":0,"7":0,"8":0,"9":0,"10":0,"11":0,"12":0,"13":0},"f":{"0":0,"1":0,"2":0,"3":0,"4":0},"b":{"0":[0,0],"1":[0,0],"2":[0,0],"3":[0,0],"4":[0,0],"5":[0,0]}}
,"/home/user/PartyPlan/src/components/StageLane.tsx": {"path":"/home/user/PartyPlan/src/components/StageLane.tsx","statementMap":{"0":{"start":{"line":13,"column":18},"end":{"line":13,"column":35}},"1":{"start":{"line":15,"column":2},"end":{"line":34,"column":4}},"2":{"start":{"line":21,"column":12},"end":{"line":27,"column":14}},"3":{"start":{"line":37,"column":15},"end":{"line":71,"column":2}}},"fnMap":{"0":{"name":"StageLane","decl":{"start":{"line":12,"column":24},"end":{"line":12,"column":33}},"loc":{"start":{"line":12,"column":80},"end":{"line":35,"column":1}},"line":12},"1":{"name":"(anonymous_1)","decl":{"start":{"line":20,"column":20},"end":{"line":20,"column":21}},"loc":{"start":{"line":21,"column":12},"end":{"line":27,"column":14}},"line":21}},"branchMap":{"0":{"loc":{"start":{"line":16,"column":31},"end":{"line":16,"column":58}},"type":"binary-expr","locations":[{"start":{"line":16,"column":31},"end":{"line":16,"column":38}},{"start":{"line":16,"column":42},"end":{"line":16,"column":58}}],"line":16},"1":{"loc":{"start":{"line":17,"column":39},"end":{"line":17,"column":72}},"type":"binary-expr","locations":[{"start":{"line":17,"column":39},"end":{"line":17,"column":46}},{"start":{"line":17,"column":50},"end":{"line":17,"column":72}}],"line":17},"2":{"loc":{"start":{"line":18,"column":7},"end":{"line":32,"column":7}},"type":"cond-expr","locations":[{"start":{"line":19,"column":8},"end":{"line":29,"column":15}},{"start":{"line":31,"column":8},"end":{"line":31,"column":51}}],"line":18}},"s":{"0":0,"1":0,"2":0,"3":0},"f":{"0":0,"1":0},"b":{"0":[0,0],"1":[0,0],"2":[0,0]}}
,"/home/user/PartyPlan/src/components/TimeBlock.tsx": {"path":"/home/user/PartyPlan/src/components/TimeBlock.tsx","statementMap":{"0":{"start":{"line":12,"column":2},"end":{"line":22,"column":4}},"1":{"start":{"line":25,"column":15},"end":{"line":53,"column":2}}},"fnMap":{"0":{"name":"TimeBlock","decl":{"start":{"line":11,"column":24},"end":{"line":11,"column":33}},"loc":{"start":{"line":11,"column":76},"end":{"line":23,"column":1}},"line":11}},"branchMap":{"0":{"loc":{"start":{"line":16,"column":9},"end":{"line":16,"column":62}},"type":"cond-expr","locations":[{"start":{"line":16,"column":16},"end":{"line":16,"column":55}},{"start":{"line":16,"column":58},"end":{"line":16,"column":62}}],"line":16}},"s":{"0":0,"1":0},"f":{"0":0},"b":{"0":[0,0]}}
,"/home/user/PartyPlan/src/components/TimePicker.tsx": {"path":"/home/user/PartyPlan/src/components/TimePicker.tsx","statementMap":{"0":{"start":{"line":5,"column":20},"end":{"line":5,"column":22}},"1":{"start":{"line":6,"column":22},"end":{"line":6,"column":23}},"2":{"start":{"line":7,"column":22},"end":{"line":7,"column":49}},"3":{"start":{"line":15,"column":16},"end":{"line":15,"column":59}},"4":{"start":{"line":15,"column":53},"end":{"line":15,"column":58}},"5":{"start":{"line":16,"column":18},"end":{"line":16,"column":57}},"6":{"start":{"line":16,"column":55},"end":{"line":16,"column":56}},"7":{"start":{"line":17,"column":22},"end":{"line":17,"column":34}},"8":{"start":{"line":19,"column":42},"end":{"line":19,"column":79}},"9":{"start":{"line":20,"column":46},"end":{"line":20,"column":74}},"10":{"start":{"line":21,"column":42},"end":{"line":21,"column":88}},"11":{"start":{"line":23,"column":24},"end":{"line":23,"column":48}},"12":{"start":{"line":24,"column":26},"end":{"line":24,"column":50}},"13":{"start":{"line":25,"column":24},"end":{"line":25,"column":48}},"14":{"start":{"line":28,"column":2},"end":{"line":39,"column":51}},"15":{"start":{"line":29,"column":20},"end":{"line":29,"column":35}},"16":{"start":{"line":30,"column":17},"end":{"line":30,"column":29}},"17":{"start":{"line":31,"column":4},"end":{"line":35,"column":5}},"18":{"start":{"line":32,"column":6},"end":{"line":32,"column":33}},"19":{"start":{"line":33,"column":11},"end":{"line":35,"column":5}},"20":{"start":{"line":34,"column":6},"end":{"line":34,"column":17}},"21":{"start":{"line":36,"column":4},"end":{"line":36,"column":29}},"22":{"start":{"line":37,"column":4},"end":{"line":37,"column":39}},"23":{"start":{"line":38,"column":4},"end":{"line":38,"column":22}},"24":{"start":{"line":42,"column":2},"end":{"line":52,"column":9}},"25":{"start":{"line":43,"column":17},"end":{"line":43,"column":44}},"26":{"start":{"line":44,"column":19},"end":{"line":44,"column":37}},"27":{"start":{"line":45,"column":17},"end":{"line":45,"column":53}},"28":{"start":{"line":47,"column":4},"end":{"line":51,"column":12}},"29":{"start":{"line":48,"column":6},"end":{"line":48,"column":56}},"30":{"start":{"line":49,"column":6},"end":{"line":49,"column":62}},"31":{"start":{"line":50,"column":6},"end":{"line":50,"column":62}},"32":{"start":{"line":55,"column":2},"end":{"line":70,"column":14}},"33":{"start":{"line":56,"column":17},"end":{"line":56,"column":44}},"34":{"start":{"line":57,"column":19},"end":{"line":57,"column":37}},"35":{"start":{"line":58,"column":17},"end":{"line":58,"column":53}},"36":{"start":{"line":60,"column":4},"end":{"line":69,"column":5}},"37":{"start":{"line":61,"column":6},"end":{"line":61,"column":28}},"38":{"start":{"line":62,"column":6},"end":{"line":62,"column":32}},"39":{"start":{"line":63,"column":6},"end":{"line":63,"column":28}},"40":{"start":{"line":64,"column":6},"end":{"line":68,"column":13}},"41":{"start":{"line":65,"column":8},"end":{"line":65,"column":58}},"42":{"start":{"line":66,"column":8},"end":{"line":66,"column":64}},"43":{"start":{"line":67,"column":8},"end":{"line":67,"column":64}},"44":{"start":{"line":72,"column":24},"end":{"line":77,"column":3}},"45":{"start":{"line":73,"column":4},"end":{"line":76,"column":7}},"46":{"start":{"line":79,"column":23},"end":{"line":90,"column":3}},"47":{"start":{"line":84,"column":4},"end":{"line":89,"column":6}},"48":{"start":{"line":85,"column":16},"end":{"line":85,"column":49}},"49":{"start":{"line":86,"column":20},"end":{"line":86,"column":47}},"50":{"start":{"line":87,"column":27},"end":{"line":87,"column":73}},"51":{"start":{"line":88,"column":6},"end":{"line":88,"column":34}},"52":{"start":{"line":92,"column":29},"end":{"line":148,"column":3}},"53":{"start":{"line":97,"column":63},"end":{"line":97,"column":92}},"54":{"start":{"line":99,"column":23},"end":{"line":99,"column":38}},"55":{"start":{"line":100,"column":26},"end":{"line":100,"column":41}},"56":{"start":{"line":102,"column":4},"end":{"line":147,"column":6}},"57":{"start":{"line":118,"column":29},"end":{"line":118,"column":51}},"58":{"start":{"line":119,"column":32},"end":{"line":119,"column":60}},"59":{"start":{"line":120,"column":27},"end":{"line":120,"column":58}},"60":{"start":{"line":123,"column":26},"end":{"line":123,"column":81}},"61":{"start":{"line":124,"column":24},"end":{"line":124,"column":80}},"62":{"start":{"line":126,"column":10},"end":{"line":144,"column":12}},"63":{"start":{"line":150,"column":2},"end":{"line":196,"column":4}},"64":{"start":{"line":191,"column":22},"end":{"line":191,"column":34}},"65":{"start":{"line":199,"column":15},"end":{"line":259,"column":2}}},"fnMap":{"0":{"name":"TimePicker","decl":{"start":{"line":14,"column":24},"end":{"line":14,"column":34}},"loc":{"start":{"line":14,"column":73},"end":{"line":197,"column":1}},"line":14},"1":{"name":"(anonymous_1)","decl":{"start":{"line":15,"column":43},"end":{"line":15,"column":44}},"loc":{"start":{"line":15,"column":53},"end":{"line":15,"column":58}},"line":15},"2":{"name":"(anonymous_2)","decl":{"start":{"line":16,"column":45},"end":{"line":16,"column":46}},"loc":{"start":{"line":16,"column":55},"end":{"line":16,"column":56}},"line":16},"3":{"name":"(anonymous_3)","decl":{"start":{"line":28,"column":12},"end":{"line":28,"column":13}},"loc":{"start":{"line":28,"column":18},"end":{"line":39,"column":3}},"line":28},"4":{"name":"(anonymous_4)","decl":{"start":{"line":42,"column":12},"end":{"line":42,"column":13}},"loc":{"start":{"line":42,"column":18},"end":{"line":52,"column":3}},"line":42},"5":{"name":"(anonymous_5)","decl":{"start":{"line":47,"column":15},"end":{"line":47,"column":16}},"loc":{"start":{"line":47,"column":21},"end":{"line":51,"column":5}},"line":47},"6":{"name":"(anonymous_6)","decl":{"start":{"line":55,"column":12},"end":{"line":55,"column":13}},"loc":{"start":{"line":55,"column":18},"end":{"line":70,"column":3}},"line":55},"7":{"name":"(anonymous_7)","decl":{"start":{"line":64,"column":17},"end":{"line":64,"column":18}},"loc":{"start":{"line":64,"column":23},"end":{"line":68,"column":7}},"line":64},"8":{"name":"(anonymous_8)","decl":{"start":{"line":72,"column":24},"end":{"line":72,"column":25}},"loc":{"start":{"line":72,"column":77},"end":{"line":77,"column":3}},"line":72},"9":{"name":"(anonymous_9)","decl":{"start":{"line":79,"column":23},"end":{"line":79,"column":24}},"loc":{"start":{"line":83,"column":7},"end":{"line":90,"column":3}},"line":83},"10":{"name":"(anonymous_10)","decl":{"start":{"line":84,"column":11},"end":{"line":84,"column":12}},"loc":{"start":{"line":84,"column":27},"end":{"line":89,"column":5}},"line":84},"11":{"name":"(anonymous_11)","decl":{"start":{"line":92,"column":29},"end":{"line":92,"column":30}},"loc":{"start":{"line":98,"column":7},"end":{"line":148,"column":3}},"line":98},"12":{"name":"(anonymous_12)","decl":{"start":{"line":97,"column":53},"end":{"line":97,"column":54}},"loc":{"start":{"line":97,"column":63},"end":{"line":97,"column":92}},"line":97},"13":{"name":"(anonymous_13)","decl":{"start":{"line":117,"column":19},"end":{"line":117,"column":20}},"loc":{"start":{"line":117,"column":36},"end":{"line":145,"column":9}},"line":117},"14":{"name":"(anonymous_14)","decl":{"start":{"line":191,"column":12},"end":{"line":191,"column":13}},"loc":{"start":{"line":191,"column":22},"end":{"line":191,"column":34}},"line":191}},"branchMap":{"0":{"loc":{"start":{"line":19,"column":51},"end":{"line":19,"column":78}},"type":"binary-expr","locations":[{"start":{"line":19,"column":51},"end":{"line":19,"column":72}},{"start":{"line":19,"column":76},"end":{"line":19,"column":78}}],"line":19},"1":{"loc":{"start":{"line":21,"column":51},"end":{"line":21,"column":87}},"type":"cond-expr","locations":[{"start":{"line":21,"column":76},"end":{"line":21,"column":80}},{"start":{"line":21,"column":83},"end":{"line":21,"column":87}}],"line":21},"2":{"loc":{"start":{"line":31,"column":4},"end":{"line":35,"column":5}},"type":"if","locations":[{"start":{"line":31,"column":4},"end":{"line":35,"column":5}},{"start":{"line":33,"column":11},"end":{"line":35,"column":5}}],"line":31},"3":{"loc":{"start":{"line":31,"column":8},"end":{"line":31,"column":52}},"type":"binary-expr","locations":[{"start":{"line":31,"column":8},"end":{"line":31,"column":29}},{"start":{"line":31,"column":33},"end":{"line":31,"column":52}}],"line":31},"4":{"loc":{"start":{"line":33,"column":11},"end":{"line":35,"column":5}},"type":"if","locations":[{"start":{"line":33,"column":11},"end":{"line":35,"column":5}},{"start":{},"end":{}}],"line":33},"5":{"loc":{"start":{"line":33,"column":15},"end":{"line":33,"column":59}},"type":"binary-expr","locations":[{"start":{"line":33,"column":15},"end":{"line":33,"column":36}},{"start":{"line":33,"column":40},"end":{"line":33,"column":59}}],"line":33},"6":{"loc":{"start":{"line":43,"column":17},"end":{"line":43,"column":44}},"type":"binary-expr","locations":[{"start":{"line":43,"column":17},"end":{"line":43,"column":38}},{"start":{"line":43,"column":42},"end":{"line":43,"column":44}}],"line":43},"7":{"loc":{"start":{"line":45,"column":17},"end":{"line":45,"column":53}},"type":"cond-expr","locations":[{"start":{"line":45,"column":42},"end":{"line":45,"column":46}},{"start":{"line":45,"column":49},"end":{"line":45,"column":53}}],"line":45},"8":{"loc":{"start":{"line":56,"column":17},"end":{"line":56,"column":44}},"type":"binary-expr","locations":[{"start":{"line":56,"column":17},"end":{"line":56,"column":38}},{"start":{"line":56,"column":42},"end":{"line":56,"column":44}}],"line":56},"9":{"loc":{"start":{"line":58,"column":17},"end":{"line":58,"column":53}},"type":"cond-expr","locations":[{"start":{"line":58,"column":42},"end":{"line":58,"column":46}},{"start":{"line":58,"column":49},"end":{"line":58,"column":53}}],"line":58},"10":{"loc":{"start":{"line":60,"column":4},"end":{"line":69,"column":5}},"type":"if","locations":[{"start":{"line":60,"column":4},"end":{"line":69,"column":5}},{"start":{},"end":{}}],"line":60},"11":{"loc":{"start":{"line":60,"column":8},"end":{"line":60,"column":83}},"type":"binary-expr","locations":[{"start":{"line":60,"column":8},"end":{"line":60,"column":29}},{"start":{"line":60,"column":33},"end":{"line":60,"column":58}},{"start":{"line":60,"column":62},"end":{"line":60,"column":83}}],"line":60},"12":{"loc":{"start":{"line":97,"column":4},"end":{"line":97,"column":92}},"type":"default-arg","locations":[{"start":{"line":97,"column":53},"end":{"line":97,"column":92}}],"line":97},"13":{"loc":{"start":{"line":123,"column":26},"end":{"line":123,"column":81}},"type":"cond-expr","locations":[{"start":{"line":123,"column":43},"end":{"line":123,"column":44}},{"start":{"line":123,"column":47},"end":{"line":123,"column":81}}],"line":123},"14":{"loc":{"start":{"line":124,"column":24},"end":{"line":124,"column":80}},"type":"cond-expr","locations":[{"start":{"line":124,"column":41},"end":{"line":124,"column":42}},{"start":{"line":124,"column":45},"end":{"line":124,"column":80}}],"line":124},"15":{"loc":{"start":{"line":137,"column":18},"end":{"line":137,"column":61}},"type":"binary-expr","locations":[{"start":{"line":137,"column":18},"end":{"line":137,"column":28}},{"start":{"line":137,"column":32},"end":{"line":137,"column":61}}],"line":137}},"s":{"0":0,"1":0,"2":0,"3":0,"4":0,"5":0,"6":0,"7":0,"8":0,"9":0,"10":0,"11":0,"12":0,"13":0,"14":0,"15":0,"16":0,"17":0,"18":0,"19":0,"20":0,"21":0,"22":0,"23":0,"24":0,"25":0,"26":0,"27":0,"28":0,"29":0,"30":0,"31":0,"32":0,"33":0,"34":0,"35":0,"36":0,"37":0,"38":0,"39":0,"40":0,"41":0,"42":0,"43":0,"44":0,"45":0,"46":0,"47":0,"48":0,"49":0,"50":0,"51":0,"52":0,"53":0,"54":0,"55":0,"56":0,"57":0,"58":0,"59":0,"60":0,"61":0,"62":0,"63":0,"64":0,"65":0},"f":{"0":0,"1":0,"2":0,"3":0,"4":0,"5":0,"6":0,"7":0,"8":0,"9":0,"10":0,"11":0,"12":0,"13":0,"14":0},"b":{"0":[0,0],"1":[0,0],"2":[0,0],"3":[0,0],"4":[0,0],"5":[0,0],"6":[0,0],"7":[0,0],"8":[0,0],"9":[0,0],"10":[0,0],"11":[0,0,0],"12":[0],"13":[0,0],"14":[0,0],"15":[0,0]}}
,"/home/user/PartyPlan/src/components/gantt/DayDivider.tsx": {"path":"/home/user/PartyPlan/src/components/gantt/DayDivider.tsx","statementMap":{"0":{"start":{"line":13,"column":2},"end":{"line":21,"column":4}},"1":{"start":{"line":24,"column":15},"end":{"line":54,"column":2}}},"fnMap":{"0":{"name":"DayDivider","decl":{"start":{"line":12,"column":24},"end":{"line":12,"column":34}},"loc":{"start":{"line":12,"column":108},"end":{"line":22,"column":1}},"line":12}},"branchMap":{"0":{"loc":{"start":{"line":12,"column":60},"end":{"line":12,"column":75}},"type":"default-arg","locations":[{"start":{"line":12,"column":70},"end":{"line":12,"column":75}}],"line":12}},"s":{"0":0,"1":0},"f":{"0":0},"b":{"0":[0]}}
,"/home/user/PartyPlan/src/components/gantt/GridLines.tsx": {"path":"/home/user/PartyPlan/src/components/gantt/GridLines.tsx","statementMap":{"0":{"start":{"line":11,"column":22},"end":{"line":11,"column":43}},"1":{"start":{"line":13,"column":2},"end":{"line":26,"column":4}},"2":{"start":{"line":16,"column":8},"end":{"line":23,"column":10}},"3":{"start":{"line":29,"column":15},"end":{"line":45,"column":2}}},"fnMap":{"0":{"name":"GridLines","decl":{"start":{"line":10,"column":24},"end":{"line":10,"column":33}},"loc":{"start":{"line":10,"column":66},"end":{"line":27,"column":1}},"line":10},"1":{"name":"(anonymous_1)","decl":{"start":{"line":15,"column":23},"end":{"line":15,"column":24}},"loc":{"start":{"line":16,"column":8},"end":{"line":23,"column":10}},"line":16}},"branchMap":{"0":{"loc":{"start":{"line":20,"column":12},"end":{"line":20,"column":44}},"type":"binary-expr","locations":[{"start":{"line":20,"column":12},"end":{"line":20,"column":25}},{"start":{"line":20,"column":29},"end":{"line":20,"column":44}}],"line":20}},"s":{"0":0,"1":0,"2":0,"3":0},"f":{"0":0,"1":0},"b":{"0":[0,0]}}
[...]
,"/home/user/PartyPlan/src/theme/index.ts": {"path":"/home/user/PartyPlan/src/theme/index.ts","statementMap":{},"fnMap":{},"branchMap":{},"s":{},"f":{},"b":{}}
,"/home/user/PartyPlan/src/theme/tokens.ts": {"path":"/home/user/PartyPlan/src/theme/tokens.ts","statementMap":{"0":{"start":{"line":7,"column":22},"end":{"line":32,"column":10}},"1":{"start":{"line":34,"column":21},"end":{"line":39,"column":10}},"2":{"start":{"line":41,"column":23},"end":{"line":63,"column":10}},"3":{"start":{"line":65,"column":23},"end":{"line":72,"column":10}},"4":{"start":{"line":74,"column":26},"end":{"line":101,"column":10}},"5":{"start":{"line":104,"column":25},"end":{"line":117,"column":10}},"6":{"start":{"line":120,"column":28},"end":{"line":128,"column":10}},"7":{"start":{"line":131,"column":27},"end":{"line":135,"column":10}}},"fnMap":{},"branchMap":{},"s":{"0":11,"1":11,"2":11,"3":11,"4":11,"5":11,"6":11,"7":11},"f":{},"b":{},"_coverageSchema":"1a1c01bbd47fc00a2c39e90264f33305004495a9","hash":"8809f92a2fa7f104ff5e6f5dea856121611cbe66"}
,"/home/user/PartyPlan/src/utils/artistImages.ts": {"path":"/home/user/PartyPlan/src/utils/artistImages.ts","statementMap":{"0":{"start":{"line":15,"column":2},"end":{"line":18,"column":19}},"1":{"start":{"line":25,"column":42},"end":{"line":61,"column":1}},"2":{"start":{"line":68,"column":21},"end":{"line":68,"column":52}},"3":{"start":{"line":69,"column":2},"end":{"line":69,"column":42}},"4":{"start":{"line":76,"column":2},"end":{"line":76,"column":49}}},"fnMap":{"0":{"name":"normalizeArtistName","decl":{"start":{"line":14,"column":9},"end":{"line":14,"column":28}},"loc":{"start":{"line":14,"column":57},"end":{"line":19,"column":1}},"line":14},"1":{"name":"getArtistImagePath","decl":{"start":{"line":67,"column":16},"end":{"line":67,"column":34}},"loc":{"start":{"line":67,"column":67},"end":{"line":70,"column":1}},"line":67},"2":{"name":"hasArtistImage","decl":{"start":{"line":75,"column":16},"end":{"line":75,"column":30}},"loc":{"start":{"line":75,"column":60},"end":{"line":77,"column":1}},"line":75}},"branchMap":{"0":{"loc":{"start":{"line":69,"column":9},"end":{"line":69,"column":41}},"type":"binary-expr","locations":[{"start":{"line":69,"column":9},"end":{"line":69,"column":33}},{"start":{"line":69,"column":37},"end":{"line":69,"column":41}}],"line":69}},"s":{"0":0,"1":0,"2":0,"3":0,"4":0},"f":{"0":0,"1":0,"2":0},"b":{"0":[0,0]}}
,"/home/user/PartyPlan/src/utils/inviteCode.ts": {"path":"/home/user/PartyPlan/src/utils/inviteCode.ts","statementMap":{"0":{"start":{"line":8,"column":16},"end":{"line":8,"column":49}},"1":{"start":{"line":9,"column":17},"end":{"line":9,"column":18}},"2":{"start":{"line":11,"column":13},"end":{"line":11,"column":15}},"3":{"start":{"line":12,"column":2},"end":{"line":15,"column":3}},"4":{"start":{"line":12,"column":15},"end":{"line":12,"column":16}},"5":{"start":{"line":13,"column":24},"end":{"line":13,"column":64}},"6":{"start":{"line":14,"column":4},"end":{"line":14,"column":31}},"7":{"start":{"line":17,"column":2},"end":{"line":17,"column":14}},"8":{"start":{"line":24,"column":2},"end":{"line":24,"column":47}},"9":{"start":{"line":24,"column":34},"end":{"line":24,"column":47}},"10":{"start":{"line":26,"column":21},"end":{"line":26,"column":61}},"11":{"start":{"line":27,"column":2},"end":{"line":27,"column":31}}},"fnMap":{"0":{"name":"generateInviteCode","decl":{"start":{"line":6,"column":16},"end":{"line":6,"column":34}},"loc":{"start":{"line":6,"column":45},"end":{"line":18,"column":1}},"line":6},"1":{"name":"isValidInviteCode","decl":{"start":{"line":23,"column":16},"end":{"line":23,"column":33}},"loc":{"start":{"line":23,"column":57},"end":{"line":28,"column":1}},"line":23}},"branchMap":{"0":{"loc":{"start":{"line":24,"column":2},"end":{"line":24,"column":47}},"type":"if","locations":[{"start":{"line":24,"column":2},"end":{"line":24,"column":47}},{"start":{},"end":{}}],"line":24},"1":{"loc":{"start":{"line":24,"column":6},"end":{"line":24,"column":32}},"type":"binary-expr","locations":[{"start":{"line":24,"column":6},"end":{"line":24,"column":11}},{"start":{"line":24,"column":15},"end":{"line":24,"column":32}}],"line":24}},"s":{"0":0,"1":0,"2":0,"3":0,"4":0,"5":0,"6":0,"7":0,"8":0,"9":0,"10":0,"11":0},"f":{"0":0,"1":0},"b":{"0":[0,0],"1":[0,0]}}
,"/home/user/PartyPlan/src/utils/timeCalculations.ts": {"path":"/home/user/PartyPlan/src/utils/timeCalculations.ts","statementMap":{"0":{"start":{"line":11,"column":33},"end":{"line":11,"column":34}},"1":{"start":{"line":12,"column":31},"end":{"line":12,"column":53}},"2":{"start":{"line":13,"column":33},"end":{"line":13,"column":55}},"3":{"start":{"line":15,"column":32},"end":{"line":15,"column":34}},"4":{"start":{"line":16,"column":30},"end":{"line":16,"column":32}},"5":{"start":{"line":18,"column":32},"end":{"line":18,"column":34}},"6":{"start":{"line":24,"column":15},"end":{"line":24,"column":37}},"7":{"start":{"line":25,"column":16},"end":{"line":25,"column":31}},"8":{"start":{"line":26,"column":18},"end":{"line":26,"column":35}},"9":{"start":{"line":29,"column":25},"end":{"line":29,"column":62}},"10":{"start":{"line":30,"column":19},"end":{"line":30,"column":98}},"11":{"start":{"line":33,"column":21},"end":{"line":33,"column":54}},"12":{"start":{"line":34,"column":27},"end":{"line":34,"column":53}},"13":{"start":{"line":37,"column":35},"end":{"line":37,"column":55}},"14":{"start":{"line":38,"column":27},"end":{"line":38,"column":77}},"15":{"start":{"line":41,"column":23},"end":{"line":41,"column":58}},"16":{"start":{"line":43,"column":2},"end":{"line":43,"column":42}},"17":{"start":{"line":51,"column":16},"end":{"line":51,"column":35}},"18":{"start":{"line":52,"column":14},"end":{"line":52,"column":31}},"19":{"start":{"line":54,"column":21},"end":{"line":54,"column":52}},"20":{"start":{"line":57,"column":2},"end":{"line":59,"column":3}},"21":{"start":{"line":58,"column":4},"end":{"line":58,"column":13}},"22":{"start":{"line":61,"column":26},"end":{"line":61,"column":50}},"23":{"start":{"line":62,"column":2},"end":{"line":62,"column":45}},"24":{"start":{"line":69,"column":16},"end":{"line":69,"column":35}},"25":{"start":{"line":70,"column":14},"end":{"line":70,"column":31}},"26":{"start":{"line":72,"column":21},"end":{"line":72,"column":52}},"27":{"start":{"line":73,"column":2},"end":{"line":73,"column":46}},"28":{"start":{"line":80,"column":15},"end":{"line":80,"column":37}},"29":{"start":{"line":81,"column":14},"end":{"line":81,"column":29}},"30":{"start":{"line":82,"column":18},"end":{"line":82,"column":35}},"31":{"start":{"line":83,"column":17},"end":{"line":83,"column":42}},"32":{"start":{"line":85,"column":2},"end":{"line":85,"column":21}},"33":{"start":{"line":86,"column":2},"end":{"line":86,"column":29}},"34":{"start":{"line":88,"column":21},"end":{"line":88,"column":70}},"35":{"start":{"line":90,"column":2},"end":{"line":90,"column":44}},"36":{"start":{"line":97,"column":16},"end":{"line":97,"column":35}},"37":{"start":{"line":98,"column":14},"end":{"line":98,"column":31}},"38":{"start":{"line":100,"column":19},"end":{"line":100,"column":35}},"39":{"start":{"line":101,"column":23},"end":{"line":101,"column":41}},"40":{"start":{"line":102,"column":17},"end":{"line":102,"column":31}},"41":{"start":{"line":103,"column":21},"end":{"line":103,"column":37}},"42":{"start":{"line":105,"column":22},"end":{"line":105,"column":52}},"43":{"start":{"line":106,"column":20},"end":{"line":106,"column":48}},"44":{"start":{"line":108,"column":2},"end":{"line":108,"column":37}},"45":{"start":{"line":109,"column":2},"end":{"line":109,"column":33}},"46":{"start":{"line":111,"column":19},"end":{"line":111,"column":72}},"47":{"start":{"line":112,"column":17},"end":{"line":112,"column":64}},"48":{"start":{"line":115,"column":2},"end":{"line":119,"column":3}},"49":{"start":{"line":116,"column":4},"end":{"line":116,"column":73}},"50":{"start":{"line":118,"column":4},"end":{"line":118,"column":87}},"51":{"start":{"line":127,"column":16},"end":{"line":127,"column":35}},"52":{"start":{"line":128,"column":14},"end":{"line":128,"column":31}},"53":{"start":{"line":130,"column":19},"end":{"line":130,"column":35}},"54":{"start":{"line":131,"column":23},"end":{"line":131,"column":41}},"55":{"start":{"line":132,"column":17},"end":{"line":132,"column":31}},"56":{"start":{"line":133,"column":21},"end":{"line":133,"column":37}},"57":{"start":{"line":135,"column":22},"end":{"line":135,"column":52}},"58":{"start":{"line":136,"column":20},"end":{"line":136,"column":48}},"59":{"start":{"line":138,"column":2},"end":{"line":138,"column":37}},"60":{"start":{"line":139,"column":2},"end":{"line":139,"column":33}},"61":{"start":{"line":142,"column":19},"end":{"line":144,"column":78}},"62":{"start":{"line":147,"column":17},"end":{"line":149,"column":70}},"63":{"start":{"line":152,"column":2},"end":{"line":156,"column":3}},"64":{"start":{"line":153,"column":4},"end":{"line":153,"column":47}},"65":{"start":{"line":155,"column":4},"end":{"line":155,"column":61}},"66":{"start":{"line":163,"column":110},"end":{"line":163,"column":112}},"67":{"start":{"line":164,"column":15},"end":{"line":164,"column":36}},"68":{"start":{"line":167,"column":2},"end":{"line":190,"column":3}},"69":{"start":{"line":167,"column":22},"end":{"line":167,"column":23}},"70":{"start":{"line":169,"column":4},"end":{"line":189,"column":5}},"71":{"start":{"line":169,"column":20},"end":{"line":169,"column":36}},"72":{"start":{"line":170,"column":6},"end":{"line":188,"column":7}},"73":{"start":{"line":170,"column":25},"end":{"line":170,"column":26}},"74":{"start":{"line":171,"column":24},"end":{"line":171,"column":36}},"75":{"start":{"line":172,"column":28},"end":{"line":172,"column":76}},"76":{"start":{"line":173,"column":27},"end":{"line":173,"column":68}},"77":{"start":{"line":174,"column":21},"end":{"line":174,"column":51}},"78":{"start":{"line":177,"column":27},"end":{"line":177,"column":60}},"79":{"start":{"line":178,"column":38},"end":{"line":178,"column":109}},"80":{"start":{"line":179,"column":26},"end":{"line":179,"column":67}},"81":{"start":{"line":181,"column":8},"end":{"line":187,"column":11}},"82":{"start":{"line":192,"column":2},"end":{"line":192,"column":17}},"83":{"start":{"line":199,"column":14},"end":{"line":199,"column":24}},"84":{"start":{"line":200,"column":16},"end":{"line":200,"column":30}},"85":{"start":{"line":201,"column":18},"end":{"line":201,"column":34}},"86":{"start":{"line":204,"column":25},"end":{"line":204,"column":62}},"87":{"start":{"line":205,"column":19},"end":{"line":205,"column":97}},"88":{"start":{"line":208,"column":21},"end":{"line":208,"column":54}},"89":{"start":{"line":209,"column":27},"end":{"line":209,"column":53}},"90":{"start":{"line":212,"column":35},"end":{"line":212,"column":55}},"91":{"start":{"line":213,"column":27},"end":{"line":213,"column":77}},"92":{"start":{"line":216,"column":23},"end":{"line":216,"column":58}},"93":{"start":{"line":218,"column":2},"end":{"line":218,"column":42}},"94":{"start":{"line":225,"column":21},"end":{"line":225,"column":54}},"95":{"start":{"line":226,"column":2},"end":{"line":226,"column":42}}},"fnMap":{"0":{"name":"timeToPixels","decl":{"start":{"line":23,"column":16},"end":{"line":23,"column":28}},"loc":{"start":{"line":23,"column":59},"end":{"line":44,"column":1}},"line":23},"1":{"name":"durationToPixels","decl":{"start":{"line":50,"column":16},"end":{"line":50,"column":32}},"loc":{"start":{"line":50,"column":77},"end":{"line":63,"column":1}},"line":50},"2":{"name":"getDurationMinutes","decl":{"start":{"line":68,"column":16},"end":{"line":68,"column":34}},"loc":{"start":{"line":68,"column":79},"end":{"line":74,"column":1}},"line":68},"3":{"name":"formatTime","decl":{"start":{"line":79,"column":16},"end":{"line":79,"column":26}},"loc":{"start":{"line":79,"column":57},"end":{"line":91,"column":1}},"line":79},"4":{"name":"formatTimeRange","decl":{"start":{"line":96,"column":16},"end":{"line":96,"column":31}},"loc":{"start":{"line":96,"column":76},"end":{"line":120,"column":1}},"line":96},"5":{"name":"formatCompactTimeRange","decl":{"start":{"line":126,"column":16},"end":{"line":126,"column":38}},"loc":{"start":{"line":126,"column":83},"end":{"line":157,"column":1}},"line":126},"6":{"name":"generateTimeMarkers","decl":{"start":{"line":162,"column":16},"end":{"line":162,"column":35}},"loc":{"start":{"line":162,"column":130},"end":{"line":193,"column":1}},"line":162},"7":{"name":"getCurrentTimePosition","decl":{"start":{"line":198,"column":16},"end":{"line":198,"column":38}},"loc":{"start":{"line":198,"column":49},"end":{"line":219,"column":1}},"line":198},"8":{"name":"getTimelineHeight","decl":{"start":{"line":224,"column":16},"end":{"line":224,"column":33}},"loc":{"start":{"line":224,"column":44},"end":{"line":227,"column":1}},"line":224}},"branchMap":{"0":{"loc":{"start":{"line":57,"column":2},"end":{"line":59,"column":3}},"type":"if","locations":[{"start":{"line":57,"column":2},"end":{"line":59,"column":3}},{"start":{},"end":{}}],"line":57},"1":{"loc":{"start":{"line":83,"column":17},"end":{"line":83,"column":42}},"type":"cond-expr","locations":[{"start":{"line":83,"column":31},"end":{"line":83,"column":35}},{"start":{"line":83,"column":38},"end":{"line":83,"column":42}}],"line":83},"2":{"loc":{"start":{"line":86,"column":10},"end":{"line":86,"column":28}},"type":"cond-expr","locations":[{"start":{"line":86,"column":18},"end":{"line":86,"column":23}},{"start":{"line":86,"column":26},"end":{"line":86,"column":28}}],"line":86},"3":{"loc":{"start":{"line":88,"column":21},"end":{"line":88,"column":70}},"type":"cond-expr","locations":[{"start":{"line":88,"column":36},"end":{"line":88,"column":49}},{"start":{"line":88,"column":52},"end":{"line":88,"column":70}}],"line":88},"4":{"loc":{"start":{"line":105,"column":22},"end":{"line":105,"column":52}},"type":"cond-expr","locations":[{"start":{"line":105,"column":41},"end":{"line":105,"column":45}},{"start":{"line":105,"column":48},"end":{"line":105,"column":52}}],"line":105},"5":{"loc":{"start":{"line":106,"column":20},"end":{"line":106,"column":48}},"type":"cond-expr","locations":[{"start":{"line":106,"column":37},"end":{"line":106,"column":41}},{"start":{"line":106,"column":44},"end":{"line":106,"column":48}}],"line":106},"6":{"loc":{"start":{"line":108,"column":15},"end":{"line":108,"column":36}},"type":"binary-expr","locations":[{"start":{"line":108,"column":15},"end":{"line":108,"column":30}},{"start":{"line":108,"column":34},"end":{"line":108,"column":36}}],"line":108},"7":{"loc":{"start":{"line":109,"column":13},"end":{"line":109,"column":32}},"type":"binary-expr","locations":[{"start":{"line":109,"column":13},"end":{"line":109,"column":26}},{"start":{"line":109,"column":30},"end":{"line":109,"column":32}}],"line":109},"8":{"loc":{"start":{"line":111,"column":19},"end":{"line":111,"column":72}},"type":"cond-expr","locations":[{"start":{"line":111,"column":39},"end":{"line":111,"column":57}},{"start":{"line":111,"column":60},"end":{"line":111,"column":72}}],"line":111},"9":{"loc":{"start":{"line":112,"column":17},"end":{"line":112,"column":64}},"type":"cond-expr","locations":[{"start":{"line":112,"column":35},"end":{"line":112,"column":51}},{"start":{"line":112,"column":54},"end":{"line":112,"column":64}}],"line":112},"10":{"loc":{"start":{"line":115,"column":2},"end":{"line":119,"column":3}},"type":"if","locations":[{"start":{"line":115,"column":2},"end":{"line":119,"column":3}},{"start":{"line":117,"column":9},"end":{"line":119,"column":3}}],"line":115},"11":{"loc":{"start":{"line":135,"column":22},"end":{"line":135,"column":52}},"type":"cond-expr","locations":[{"start":{"line":135,"column":41},"end":{"line":135,"column":45}},{"start":{"line":135,"column":48},"end":{"line":135,"column":52}}],"line":135},"12":{"loc":{"start":{"line":136,"column":20},"end":{"line":136,"column":48}},"type":"cond-expr","locations":[{"start":{"line":136,"column":37},"end":{"line":136,"column":41}},{"start":{"line":136,"column":44},"end":{"line":136,"column":48}}],"line":136},"13":{"loc":{"start":{"line":138,"column":15},"end":{"line":138,"column":36}},"type":"binary-expr","locations":[{"start":{"line":138,"column":15},"end":{"line":138,"column":30}},{"start":{"line":138,"column":34},"end":{"line":138,"column":36}}],"line":138},"14":{"loc":{"start":{"line":139,"column":13},"end":{"line":139,"column":32}},"type":"binary-expr","locations":[{"start":{"line":139,"column":13},"end":{"line":139,"column":26}},{"start":{"line":139,"column":30},"end":{"line":139,"column":32}}],"line":139},"15":{"loc":{"start":{"line":142,"column":19},"end":{"line":144,"column":78}},"type":"cond-expr","locations":[{"start":{"line":143,"column":6},"end":{"line":143,"column":21}},{"start":{"line":144,"column":6},"end":{"line":144,"column":78}}],"line":142},"16":{"loc":{"start":{"line":144,"column":23},"end":{"line":144,"column":76}},"type":"cond-expr","locations":[{"start":{"line":144,"column":43},"end":{"line":144,"column":61}},{"start":{"line":144,"column":64},"end":{"line":144,"column":76}}],"line":144},"17":{"loc":{"start":{"line":147,"column":17},"end":{"line":149,"column":70}},"type":"cond-expr","locations":[{"start":{"line":148,"column":6},"end":{"line":148,"column":19}},{"start":{"line":149,"column":6},"end":{"line":149,"column":70}}],"line":147},"18":{"loc":{"start":{"line":149,"column":21},"end":{"line":149,"column":68}},"type":"cond-expr","locations":[{"start":{"line":149,"column":39},"end":{"line":149,"column":55}},{"start":{"line":149,"column":58},"end":{"line":149,"column":68}}],"line":149},"19":{"loc":{"start":{"line":152,"column":2},"end":{"line":156,"column":3}},"type":"if","locations":[{"start":{"line":152,"column":2},"end":{"line":156,"column":3}},{"start":{"line":154,"column":9},"end":{"line":156,"column":3}}],"line":152},"20":{"loc":{"start":{"line":172,"column":28},"end":{"line":172,"column":76}},"type":"cond-expr","locations":[{"start":{"line":172,"column":40},"end":{"line":172,"column":49}},{"start":{"line":172,"column":53},"end":{"line":172,"column":75}}],"line":172},"21":{"loc":{"start":{"line":172,"column":53},"end":{"line":172,"column":75}},"type":"cond-expr","locations":[{"start":{"line":172,"column":66},"end":{"line":172,"column":68}},{"start":{"line":172,"column":71},"end":{"line":172,"column":75}}],"line":172},"22":{"loc":{"start":{"line":173,"column":27},"end":{"line":173,"column":68}},"type":"cond-expr","locations":[{"start":{"line":173,"column":43},"end":{"line":173,"column":47}},{"start":{"line":173,"column":50},"end":{"line":173,"column":68}}],"line":173}},"s":{"0":0,"1":0,"2":0,"3":0,"4":0,"5":0,"6":0,"7":0,"8":0,"9":0,"10":0,"11":0,"12":0,"13":0,"14":0,"15":0,"16":0,"17":0,"18":0,"19":0,"20":0,"21":0,"22":0,"23":0,"24":0,"25":0,"26":0,"27":0,"28":0,"29":0,"30":0,"31":0,"32":0,"33":0,"34":0,"35":0,"36":0,"37":0,"38":0,"39":0,"40":0,"41":0,"42":0,"43":0,"44":0,"45":0,"46":0,"47":0,"48":0,"49":0,"50":0,"51":0,"52":0,"53":0,"54":0,"55":0,"56":0,"57":0,"58":0,"59":0,"60":0,"61":0,"62":0,"63":0,"64":0,"65":0,"66":0,"67":0,"68":0,"69":0,"70":0,"71":0,"72":0,"73":0,"74":0,"75":0,"76":0,"77":0,"78":0,"79":0,"80":0,"81":0,"82":0,"83":0,"84":0,"85":0,"86":0,"87":0,"88":0,"89":0,"90":0,"91":0,"92":0,"93":0,"94":0,"95":0},"f":{"0":0,"1":0,"2":0,"3":0,"4":0,"5":0,"6":0,"7":0,"8":0},"b":{"0":[0,0],"1":[0,0],"2":[0,0],"3":[0,0],"4":[0,0],"5":[0,0],"6":[0,0],"7":[0,0],"8":[0,0],"9":[0,0],"10":[0,0],"11":[0,0],"12":[0,0],"13":[0,0],"14":[0,0],"15":[0,0],"16":[0,0],"17":[0,0],"18":[0,0],"19":[0,0],"20":[0,0],"21":[0,0],"22":[0,0]}}
}
