TN:
SF:src/types.ts
FNF:0
FNH:0
LF:0
LH:0
BRF:0
BRH:0
end_of_record
TN:
SF:src/components/AddModal.tsx
FN:16,AddModal
FN:30,(anonymous_1)
FN:52,(anonymous_2)
FN:60,(anonymous_3)
FN:64,(anonymous_4)
FN:76,(anonymous_5)
FN:183,(anonymous_6)
FN:306,(anonymous_7)
FN:318,(anonymous_8)
FN:347,(anonymous_9)
FN:353,(anonymous_10)
FN:412,(anonymous_11)
FN:423,(anonymous_12)
FN:430,(anonymous_13)
FN:455,(anonymous_14)
FN:466,(anonymous_15)
FN:473,(anonymous_16)
FN:495,(anonymous_17)
FN:499,(anonymous_18)
FNF:19
FNH:0
FNDA:0,AddModal
FNDA:0,(anonymous_1)
FNDA:0,(anonymous_2)
FNDA:0,(anonymous_3)
FNDA:0,(anonymous_4)
FNDA:0,(anonymous_5)
FNDA:0,(anonymous_6)
FNDA:0,(anonymous_7)
FNDA:0,(anonymous_8)
FNDA:0,(anonymous_9)
FNDA:0,(anonymous_10)
FNDA:0,(anonymous_11)
FNDA:0,(anonymous_12)
FNDA:0,(anonymous_13)
FNDA:0,(anonymous_14)
FNDA:0,(anonymous_15)
FNDA:0,(anonymous_16)
FNDA:0,(anonymous_17)
FNDA:0,(anonymous_18)
DA:17,0
DA:18,0
DA:19,0
DA:20,0
DA:21,0
DA:22,0
DA:23,0
DA:24,0
DA:25,0
DA:27,0
DA:30,0
DA:31,0
DA:32,0
DA:34,0
DA:35,0
DA:36,0
DA:37,0
DA:38,0
DA:39,0
DA:40,0
DA:41,0
DA:42,0
DA:43,0
DA:46,0
DA:47,0
DA:52,0
DA:53,0
DA:54,0
DA:55,0
DA:56,0
DA:58,0
DA:60,0
DA:61,0
DA:64,0
DA:65,0
DA:66,0
DA:67,0
DA:68,0
DA:70,0
DA:71,0
DA:73,0
DA:76,0
DA:78,0
DA:80,0
DA:81,0
DA:82,0
DA:97,0
DA:100,0
DA:113,0
DA:114,0
DA:115,0
DA:118,0
DA:119,0
DA:126,0
DA:132,0
DA:138,0
DA:139,0
DA:146,0
DA:149,0
DA:152,0
DA:153,0
DA:156,0
DA:159,0
DA:160,0
DA:161,0
DA:162,0
DA:164,0
DA:173,0
DA:177,0
DA:179,0
DA:183,0
DA:185,0
DA:187,0
DA:188,0
DA:189,0
DA:199,0
DA:200,0
DA:201,0
DA:202,0
DA:203,0
DA:204,0
DA:206,0
DA:207,0
DA:208,0
DA:213,0
DA:215,0
DA:218,0
DA:221,0
DA:226,0
DA:227,0
DA:230,0
DA:231,0
DA:242,0
DA:245,0
DA:248,0
DA:249,0
DA:250,0
DA:252,0
DA:256,0
DA:258,0
DA:271,0
DA:272,0
DA:273,0
DA:276,0
DA:277,0
DA:290,0
DA:293,0
DA:294,0
DA:297,0
DA:298,0
DA:299,0
DA:301,0
DA:306,0
DA:307,0
DA:308,0
DA:309,0
DA:310,0
DA:311,0
DA:312,0
DA:313,0
DA:314,0
DA:315,0
DA:318,0
DA:319,0
DA:320,0
DA:323,0
DA:347,0
DA:353,0
DA:413,0
DA:414,0
DA:424,0
DA:431,0
DA:432,0
DA:456,0
DA:457,0
DA:467,0
DA:474,0
DA:475,0
DA:496,0
DA:499,0
DA:524,0
LF:141
LH:0
BRDA:31,0,0,0
BRDA:31,0,1,0
BRDA:31,1,0,0
BRDA:31,1,1,0
BRDA:34,2,0,0
BRDA:34,2,1,0
BRDA:36,3,0,0
BRDA:36,3,1,0
BRDA:41,4,0,0
BRDA:41,4,1,0
BRDA:41,5,0,0
BRDA:41,5,1,0
BRDA:41,6,0,0
BRDA:41,6,1,0
BRDA:41,7,0,0
BRDA:41,7,1,0
BRDA:46,8,0,0
BRDA:46,8,1,0
BRDA:47,9,0,0
BRDA:47,9,1,0
BRDA:70,10,0,0
BRDA:70,10,1,0
BRDA:71,11,0,0
BRDA:71,11,1,0
BRDA:73,12,0,0
BRDA:73,12,1,0
BRDA:78,13,0,0
BRDA:78,13,1,0
BRDA:80,14,0,0
BRDA:80,14,1,0
BRDA:102,15,0,0
BRDA:102,15,1,0
BRDA:120,16,0,0
BRDA:120,16,1,0
BRDA:138,17,0,0
BRDA:138,17,1,0
BRDA:159,18,0,0
BRDA:159,18,1,0
BRDA:160,19,0,0
BRDA:160,19,1,0
BRDA:161,20,0,0
BRDA:161,20,1,0
BRDA:162,21,0,0
BRDA:162,21,1,0
BRDA:173,22,0,0
BRDA:173,22,1,0
BRDA:185,23,0,0
BRDA:185,23,1,0
BRDA:187,24,0,0
BRDA:187,24,1,0
BRDA:201,25,0,0
BRDA:201,25,1,0
BRDA:202,26,0,0
BRDA:202,26,1,0
BRDA:206,27,0,0
BRDA:206,27,1,0
BRDA:213,28,0,0
BRDA:213,28,1,0
BRDA:224,29,0,0
BRDA:224,29,1,0
BRDA:236,30,0,0
BRDA:236,30,1,0
BRDA:242,31,0,0
BRDA:242,31,1,0
BRDA:249,32,0,0
BRDA:249,32,1,0
BRDA:260,33,0,0
BRDA:260,33,1,0
BRDA:266,34,0,0
BRDA:266,34,1,0
BRDA:280,35,0,0
BRDA:280,35,1,0
BRDA:285,36,0,0
BRDA:285,36,1,0
BRDA:290,37,0,0
BRDA:290,37,1,0
BRDA:298,38,0,0
BRDA:298,38,1,0
BRDA:335,39,0,0
BRDA:335,39,1,0
BRDA:343,40,0,0
BRDA:343,40,1,0
BRDA:346,41,0,0
BRDA:346,41,1,0
BRDA:349,42,0,0
BRDA:349,42,1,0
BRDA:352,43,0,0
BRDA:352,43,1,0
BRDA:355,44,0,0
BRDA:355,44,1,0
BRDA:361,45,0,0
BRDA:361,45,1,0
BRDA:361,46,0,0
BRDA:361,46,1,0
BRDA:392,47,0,0
BRDA:392,47,1,0
BRDA:397,48,0,0
BRDA:397,48,1,0
BRDA:398,49,0,0
BRDA:398,49,1,0
BRDA:399,50,0,0
BRDA:399,50,1,0
BRDA:403,51,0,0
BRDA:403,51,1,0
BRDA:418,52,0,0
BRDA:418,52,1,0
BRDA:420,53,0,0
BRDA:420,53,1,0
BRDA:428,54,0,0
BRDA:428,54,1,0
BRDA:438,55,0,0
BRDA:438,55,1,0
BRDA:461,56,0,0
BRDA:461,56,1,0
BRDA:463,57,0,0
BRDA:463,57,1,0
BRDA:471,58,0,0
BRDA:471,58,1,0
BRDA:481,59,0,0
BRDA:481,59,1,0
BRDA:498,60,0,0
BRDA:498,60,1,0
BRDA:511,61,0,0
BRDA:511,61,1,0
BRF:124
BRH:0
end_of_record
TN:
SF:src/components/ArtistPill.tsx
FN:12,ArtistPill
FN:21,(anonymous_1)
FN:31,(anonymous_2)
FNF:3
FNH:0
FNDA:0,ArtistPill
FNDA:0,(anonymous_1)
FNDA:0,(anonymous_2)
DA:13,0
DA:21,0
DA:22,0
DA:23,0
DA:31,0
DA:39,0
DA:40,0
DA:54,0
DA:61,0
LF:9
LH:0
BRDA:15,0,0,0
BRDA:15,0,1,0
BRDA:16,1,0,0
BRDA:16,1,1,0
BRDA:17,2,0,0
BRDA:17,2,1,0
BRDA:18,3,0,0
BRDA:18,3,1,0
BRDA:22,4,0,0
BRDA:22,4,1,0
BRDA:22,5,0,0
BRDA:22,5,1,0
BRDA:22,5,2,0
BRDA:39,6,0,0
BRDA:39,6,1,0
BRDA:39,7,0,0
BRDA:39,7,1,0
BRDA:39,7,2,0
BRF:18
BRH:0
end_of_record
TN:
SF:src/components/EditProfileModal.tsx
FN:15,EditProfileModal
FN:26,(anonymous_1)
FN:37,(anonymous_2)
FN:76,(anonymous_3)
FN:112,(anonymous_4)
FN:169,(anonymous_5)
FNF:6
FNH:0
FNDA:0,EditProfileModal
FNDA:0,(anonymous_1)
FNDA:0,(anonymous_2)
FNDA:0,(anonymous_3)
FNDA:0,(anonymous_4)
FNDA:0,(anonymous_5)
DA:16,0
DA:17,0
DA:18,0
DA:19,0
DA:20,0
DA:21,0
DA:22,0
DA:23,0
DA:26,0
DA:27,0
DA:28,0
DA:29,0
DA:32,0
DA:33,0
DA:34,0
DA:37,0
DA:38,0
DA:40,0
DA:41,0
DA:42,0
DA:45,0
DA:46,0
DA:47,0
DA:50,0
DA:51,0
DA:52,0
DA:62,0
DA:65,0
DA:66,0
DA:67,0
DA:69,0
DA:70,0
DA:72,0
DA:76,0
DA:77,0
DA:78,0
DA:79,0
DA:82,0
DA:83,0
DA:84,0
DA:87,0
DA:88,0
DA:89,0
DA:92,0
DA:93,0
DA:94,0
DA:98,0
DA:100,0
DA:101,0
DA:102,0
DA:103,0
DA:105,0
DA:106,0
DA:108,0
DA:112,0
DA:113,0
DA:114,0
DA:115,0
DA:118,0
DA:169,0
DA:252,0
LF:61
LH:0
BRDA:27,0,0,0
BRDA:27,0,1,0
BRDA:28,1,0,0
BRDA:28,1,1,0
BRDA:29,2,0,0
BRDA:29,2,1,0
BRDA:38,3,0,0
BRDA:38,3,1,0
BRDA:40,4,0,0
BRDA:40,4,1,0
BRDA:45,5,0,0
BRDA:45,5,1,0
BRDA:62,6,0,0
BRDA:62,6,1,0
BRDA:69,7,0,0
BRDA:69,7,1,0
BRDA:77,8,0,0
BRDA:77,8,1,0
BRDA:77,9,0,0
BRDA:77,9,1,0
BRDA:82,10,0,0
BRDA:82,10,1,0
BRDA:87,11,0,0
BRDA:87,11,1,0
BRDA:98,12,0,0
BRDA:98,12,1,0
BRDA:105,13,0,0
BRDA:105,13,1,0
BRDA:166,14,0,0
BRDA:166,14,1,0
BRDA:220,15,0,0
BRDA:220,15,1,0
BRDA:242,16,0,0
BRDA:242,16,1,0
BRF:34
BRH:0
end_of_record
TN:
SF:src/components/EmojiPicker.tsx
FN:15,EmojiPicker
FN:18,(anonymous_1)
FN:20,(anonymous_2)
FN:26,(anonymous_3)
FNF:4
FNH:0
FNDA:0,EmojiPicker
FNDA:0,(anonymous_1)
FNDA:0,(anonymous_2)
FNDA:0,(anonymous_3)
DA:10,0
DA:16,0
DA:19,0
DA:21,0
DA:22,0
DA:26,0
DA:38,0
LF:7
LH:0
BRDA:25,0,0,0
BRDA:25,0,1,0
BRF:2
BRH:0
end_of_record
TN:
SF:src/components/ErrorBoundary.tsx
FN:28,(anonymous_0)
FN:36,(anonymous_1)
FN:44,(anonymous_2)
FN:49,(anonymous_3)
FN:57,(anonymous_4)
FNF:5
FNH:0
FNDA:0,(anonymous_0)
FNDA:0,(anonymous_1)
FNDA:0,(anonymous_2)
FNDA:0,(anonymous_3)
FNDA:0,(anonymous_4)
DA:4,0
DA:29,0
DA:30,0
DA:38,0
DA:46,0
DA:49,0
DA:51,0
DA:58,0
DA:59,0
DA:82,0
DA:86,0
LF:11
LH:0
BRDA:58,0,0,0
BRDA:58,0,1,0
BRDA:65,1,0,0
BRDA:65,1,1,0
BRF:4
BRH:0
end_of_record
TN:
SF:src/components/Fab.tsx
FN:9,Fab
FNF:1
FNH:0
FNDA:0,Fab
DA:10,0
DA:17,0
LF:2
LH:0
BRF:0
BRH:0
end_of_record
TN:
SF:src/components/NetworkDiagnostics.tsx
FN:25,NetworkDiagnostics
FN:31,(anonymous_1)
FN:32,(anonymous_2)
FN:33,(anonymous_3)
FN:44,(anonymous_4)
FN:192,(anonymous_5)
FNF:6
FNH:0
FNDA:0,NetworkDiagnostics
FNDA:0,(anonymous_1)
FNDA:0,(anonymous_2)
FNDA:0,(anonymous_3)
FNDA:0,(anonymous_4)
FNDA:0,(anonymous_5)
DA:7,0
DA:26,0
DA:27,0
DA:29,0
DA:31,0
DA:32,0
DA:33,0
DA:34,0
DA:35,0
DA:36,0
DA:37,0
DA:38,0
DA:40,0
DA:44,0
DA:45,0
DA:46,0
DA:49,0
DA:50,0
DA:51,0
DA:52,0
DA:54,0
DA:58,0
DA:59,0
DA:60,0
DA:61,0
DA:62,0
DA:63,0
DA:65,0
DA:69,0
DA:70,0
DA:71,0
DA:72,0
DA:73,0
DA:74,0
DA:75,0
DA:76,0
DA:78,0
DA:81,0
DA:85,0
DA:86,0
DA:87,0
DA:93,0
DA:94,0
DA:96,0
DA:104,0
DA:105,0
DA:106,0
DA:107,0
DA:113,0
DA:119,0
DA:129,0
DA:130,0
DA:131,0
DA:132,0
DA:133,0
DA:135,0
DA:147,0
DA:149,0
DA:150,0
DA:152,0
DA:155,0
DA:163,0
DA:172,0
DA:175,0
DA:193,0
DA:219,0
LF:66
LH:0
BRDA:29,0,0,0
BRDA:29,0,1,0
BRDA:35,1,0,0
BRDA:35,1,1,0
BRDA:73,2,0,0
BRDA:73,2,1,0
BRDA:74,3,0,0
BRDA:74,3,1,0
BRDA:75,4,0,0
BRDA:75,4,1,0
BRDA:75,5,0,0
BRDA:75,5,1,0
BRDA:104,6,0,0
BRDA:104,6,1,0
BRDA:129,7,0,0
BRDA:129,7,1,0
BRDA:139,8,0,0
BRDA:139,8,1,0
BRDA:155,9,0,0
BRDA:155,9,1,0
BRDA:181,10,0,0
BRDA:181,10,1,0
BRDA:185,11,0,0
BRDA:185,11,1,0
BRDA:198,12,0,0
BRDA:198,12,1,0
BRDA:199,13,0,0
BRDA:199,13,1,0
BRDA:200,14,0,0
BRDA:200,14,1,0
BRDA:206,15,0,0
BRDA:206,15,1,0
BRF:32
BRH:0
end_of_record
TN:
SF:src/components/SetDetailModal.tsx
FN:29,SetDetailModal
FN:40,(anonymous_1)
FN:50,(anonymous_2)
FN:78,(anonymous_3)
FN:133,(anonymous_4)
FNF:5
FNH:0
FNDA:0,SetDetailModal
FNDA:0,(anonymous_1)
FNDA:0,(anonymous_2)
FNDA:0,(anonymous_3)
FNDA:0,(anonymous_4)
DA:36,0
DA:38,0
DA:40,0
DA:41,0
DA:42,0
DA:51,0
DA:52,0
DA:58,0
DA:59,0
DA:63,0
DA:78,0
DA:134,0
DA:160,0
LF:13
LH:0
BRDA:36,0,0,0
BRDA:36,0,1,0
BRDA:41,1,0,0
BRDA:41,1,1,0
BRDA:89,2,0,0
BRDA:89,2,1,0
BRDA:123,3,0,0
BRDA:123,3,1,0
BRDA:131,4,0,0
BRDA:131,4,1,0
BRDA:131,5,0,0
BRDA:131,5,1,0
BRF:12
BRH:0
end_of_record
TN:
SF:src/components/StageLane.tsx
FN:12,StageLane
FN:20,(anonymous_1)
FNF:2
FNH:0
FNDA:0,StageLane
FNDA:0,(anonymous_1)
DA:13,0
DA:15,0
DA:21,0
DA:37,0
LF:4
LH:0
BRDA:16,0,0,0
BRDA:16,0,1,0
BRDA:17,1,0,0
BRDA:17,1,1,0
BRDA:18,2,0,0
BRDA:18,2,1,0
BRF:6
BRH:0
end_of_record
TN:
SF:src/components/TimeBlock.tsx
FN:11,TimeBlock
FNF:1
FNH:0
FNDA:0,TimeBlock
DA:12,0
DA:25,0
LF:2
LH:0
BRDA:16,0,0,0
BRDA:16,0,1,0
BRF:2
BRH:0
end_of_record
TN:
SF:src/components/TimePicker.tsx
FN:14,TimePicker
FN:15,(anonymous_1)
FN:16,(anonymous_2)
FN:28,(anonymous_3)
FN:42,(anonymous_4)
FN:47,(anonymous_5)
FN:55,(anonymous_6)
FN:64,(anonymous_7)
FN:72,(anonymous_8)
FN:79,(anonymous_9)
FN:84,(anonymous_10)
FN:92,(anonymous_11)
FN:97,(anonymous_12)
FN:117,(anonymous_13)
FN:191,(anonymous_14)
FNF:15
FNH:0
FNDA:0,TimePicker
FNDA:0,(anonymous_1)
FNDA:0,(anonymous_2)
FNDA:0,(anonymous_3)
FNDA:0,(anonymous_4)
FNDA:0,(anonymous_5)
FNDA:0,(anonymous_6)
FNDA:0,(anonymous_7)
FNDA:0,(anonymous_8)
FNDA:0,(anonymous_9)
FNDA:0,(anonymous_10)
FNDA:0,(anonymous_11)
FNDA:0,(anonymous_12)
FNDA:0,(anonymous_13)
FNDA:0,(anonymous_14)
DA:5,0
DA:6,0
DA:7,0
DA:15,0
DA:16,0
DA:17,0
DA:19,0
DA:20,0
DA:21,0
DA:23,0
DA:24,0
DA:25,0
DA:28,0
DA:29,0
DA:30,0
DA:31,0
DA:32,0
DA:33,0
DA:34,0
DA:36,0
DA:37,0
DA:38,0
DA:42,0
DA:43,0
DA:44,0
DA:45,0
DA:47,0
DA:48,0
DA:49,0
DA:50,0
DA:55,0
DA:56,0
DA:57,0
DA:58,0
DA:60,0
DA:61,0
DA:62,0
DA:63,0
DA:64,0
DA:65,0
DA:66,0
DA:67,0
DA:72,0
DA:73,0
DA:79,0
DA:84,0
DA:85,0
DA:86,0
DA:87,0
DA:88,0
DA:92,0
DA:97,0
DA:99,0
DA:100,0
DA:102,0
DA:118,0
DA:119,0
DA:120,0
DA:123,0
DA:124,0
DA:126,0
DA:150,0
DA:191,0
DA:199,0
LF:64
LH:0
BRDA:19,0,0,0
BRDA:19,0,1,0
BRDA:21,1,0,0
BRDA:21,1,1,0
BRDA:31,2,0,0
BRDA:31,2,1,0
BRDA:31,3,0,0
BRDA:31,3,1,0
BRDA:33,4,0,0
BRDA:33,4,1,0
BRDA:33,5,0,0
BRDA:33,5,1,0
BRDA:43,6,0,0
BRDA:43,6,1,0
BRDA:45,7,0,0
BRDA:45,7,1,0
BRDA:56,8,0,0
BRDA:56,8,1,0
BRDA:58,9,0,0
BRDA:58,9,1,0
BRDA:60,10,0,0
BRDA:60,10,1,0
BRDA:60,11,0,0
BRDA:60,11,1,0
BRDA:60,11,2,0
BRDA:97,12,0,0
BRDA:123,13,0,0
BRDA:123,13,1,0
BRDA:124,14,0,0
BRDA:124,14,1,0
BRDA:137,15,0,0
BRDA:137,15,1,0
BRF:32
BRH:0
end_of_record
TN:
SF:src/components/gantt/DayDivider.tsx
FN:12,DayDivider
FNF:1
FNH:0
FNDA:0,DayDivider
DA:13,0
DA:24,0
LF:2
LH:0
BRDA:12,0,0,0
BRF:1
BRH:0
end_of_record
TN:
SF:src/components/gantt/GridLines.tsx
FN:10,GridLines
FN:15,(anonymous_1)
FNF:2
FNH:0
FNDA:0,GridLines
FNDA:0,(anonymous_1)
DA:11,0
DA:13,0
DA:16,0
DA:29,0
LF:4
LH:0
BRDA:20,0,0,0
BRDA:20,0,1,0
BRF:2
BRH:0
end_of_record
TN:
SF:src/components/gantt/MeetupBlock.tsx
FN:13,MeetupBlock
FNF:1
FNH:0
FNDA:0,MeetupBlock
DA:20,0
DA:45,0
LF:2
LH:0
BRDA:34,0,0,0
BRDA:34,0,1,0
BRF:2
BRH:0
end_of_record
TN:
SF:src/components/gantt/NowIndicator.tsx
FN:6,NowIndicator
FN:9,(anonymous_1)
FN:11,(anonymous_2)
FN:15,(anonymous_3)
FNF:4
FNH:0
FNDA:0,NowIndicator
FNDA:0,(anonymous_1)
FNDA:0,(anonymous_2)
FNDA:0,(anonymous_3)
DA:7,0
DA:9,0
DA:11,0
DA:12,0
DA:15,0
DA:19,0
DA:20,0
DA:23,0
DA:33,0
LF:9
LH:0
BRDA:19,0,0,0
BRDA:19,0,1,0
BRF:2
BRH:0
end_of_record
TN:
SF:src/components/gantt/SetBlock.tsx
FN:25,SetBlock
FNF:1
FNH:0
FNDA:0,SetBlock
DA:8,0
DA:9,0
DA:10,0
DA:25,0
DA:42,0
DA:43,0
DA:46,0
DA:51,0
DA:52,0
DA:53,0
DA:56,0
DA:60,0
DA:63,0
DA:64,0
DA:66,0
DA:96,0
DA:98,0
DA:100,0
DA:174,0
LF:19
LH:0
BRDA:31,0,0,0
BRDA:32,1,0,0
BRDA:33,2,0,0
BRDA:46,3,0,0
BRDA:46,3,1,0
BRDA:52,4,0,0
BRDA:52,4,1,0
BRDA:56,5,0,0
BRDA:56,5,1,0
BRDA:56,6,0,0
BRDA:56,6,1,0
BRDA:64,7,0,0
BRDA:64,7,1,0
BRDA:64,8,0,0
BRDA:64,8,1,0
BRDA:77,9,0,0
BRDA:77,9,1,0
BRDA:78,10,0,0
BRDA:78,10,1,0
BRDA:80,11,0,0
BRDA:80,11,1,0
BRDA:80,11,2,0
BRDA:88,12,0,0
BRDA:88,12,1,0
BRDA:89,13,0,0
BRDA:89,13,1,0
BRDA:90,14,0,0
BRDA:90,14,1,0
BRDA:91,15,0,0
BRDA:91,15,1,0
BRDA:92,16,0,0
BRDA:92,16,1,0
BRDA:96,17,0,0
BRDA:96,17,1,0
BRDA:98,18,0,0
BRDA:98,18,1,0
BRDA:112,19,0,0
BRDA:112,19,1,0
BRDA:127,20,0,0
BRDA:127,20,1,0
BRDA:135,21,0,0
BRDA:135,21,1,0
BRDA:145,22,0,0
BRDA:145,22,1,0
BRDA:155,23,0,0
BRDA:155,23,1,0
BRDA:155,23,2,0
BRF:47
BRH:0
end_of_record
TN:
SF:src/components/gantt/StageColumn.tsx
FN:22,StageColumn
FN:26,(anonymous_1)
FN:33,(anonymous_2)
FN:50,(anonymous_3)
FN:57,(anonymous_4)
FN:77,(anonymous_5)
FN:78,(anonymous_6)
FNF:7
FNH:0
FNDA:0,StageColumn
FNDA:0,(anonymous_1)
FNDA:0,(anonymous_2)
FNDA:0,(anonymous_3)
FNDA:0,(anonymous_4)
FNDA:0,(anonymous_5)
FNDA:0,(anonymous_6)
DA:22,0
DA:23,0
DA:26,0
DA:27,0
DA:30,0
DA:34,0
DA:35,0
DA:37,0
DA:51,0
DA:52,0
DA:53,0
DA:54,0
DA:57,0
DA:58,0
DA:62,0
DA:66,0
DA:77,0
DA:78,0
DA:88,0
LF:19
LH:0
BRDA:35,0,0,0
BRDA:35,0,1,0
BRDA:42,1,0,0
BRDA:42,1,1,0
BRDA:58,2,0,0
BRDA:58,2,1,0
BRDA:62,3,0,0
BRDA:62,3,1,0
BRF:8
BRH:0
end_of_record
TN:
SF:src/components/gantt/StageHeaders.tsx
FN:16,StageHeaders
FN:22,(anonymous_1)
FNF:2
FNH:0
FNDA:0,StageHeaders
FNDA:0,(anonymous_1)
DA:17,0
DA:23,0
DA:48,0
LF:3
LH:0
BRDA:32,0,0,0
BRDA:32,0,1,0
BRF:2
BRH:0
end_of_record
TN:
SF:src/components/gantt/TimeColumn.tsx
FN:10,TimeColumn
FN:15,(anonymous_1)
FNF:2
FNH:0
FNDA:0,TimeColumn
FNDA:0,(anonymous_1)
DA:11,0
DA:13,0
DA:18,0
DA:20,0
DA:49,0
LF:5
LH:0
BRDA:25,0,0,0
BRDA:25,0,1,0
BRDA:26,1,0,0
BRDA:26,1,1,0
BRDA:26,1,2,0
BRDA:33,2,0,0
BRDA:33,2,1,0
BRDA:39,3,0,0
BRDA:39,3,1,0
BRF:9
BRH:0
end_of_record
TN:
SF:src/components/gantt/TimelineGantt.tsx
FN:47,TimelineGantt
FN:82,(anonymous_1)
FN:84,(anonymous_2)
FN:85,(anonymous_3)
FN:94,(anonymous_4)
FN:98,(anonymous_5)
FN:118,(anonymous_6)
FN:129,(anonymous_7)
FN:139,(anonymous_8)
FN:145,(anonymous_9)
FN:146,(anonymous_10)
FNF:11
FNH:0
FNDA:0,TimelineGantt
FNDA:0,(anonymous_1)
FNDA:0,(anonymous_2)
FNDA:0,(anonymous_3)
FNDA:0,(anonymous_4)
FNDA:0,(anonymous_5)
FNDA:0,(anonymous_6)
FNDA:0,(anonymous_7)
FNDA:0,(anonymous_8)
FNDA:0,(anonymous_9)
FNDA:0,(anonymous_10)
DA:58,0
DA:59,0
DA:60,0
DA:63,0
DA:66,0
DA:67,0
DA:70,0
DA:71,0
DA:72,0
DA:74,0
DA:82,0
DA:83,0
DA:84,0
DA:85,0
DA:90,0
DA:94,0
DA:95,0
DA:96,0
DA:98,0
DA:99,0
DA:107,0
DA:119,0
DA:130,0
DA:140,0
DA:145,0
DA:146,0
DA:155,0
LF:27
LH:0
BRDA:50,0,0,0
BRDA:51,1,0,0
BRDA:52,2,0,0
BRDA:87,3,0,0
BRDA:87,3,1,0
BRDA:88,4,0,0
BRDA:88,4,1,0
BRDA:96,5,0,0
BRDA:96,5,1,0
BRDA:96,6,0,0
BRDA:96,6,1,0
BRDA:121,7,0,0
BRDA:121,7,1,0
BRF:13
BRH:0
end_of_record
TN:
SF:src/components/home/FestivalFeedCard.tsx
FN:30,FestivalFeedCard
FN:45,(anonymous_1)
FN:68,(anonymous_2)
FNF:3
FNH:3
FNDA:81,FestivalFeedCard
FNDA:81,(anonymous_1)
FNDA:210,(anonymous_2)
DA:30,4
DA:31,81
DA:32,81
DA:33,81
DA:35,81
DA:39,81
DA:45,81
DA:69,210
DA:97,4
LF:9
LH:9
BRDA:35,0,0,78
BRDA:35,0,1,3
BRDA:36,1,0,0
BRDA:36,1,1,78
BRDA:47,2,0,81
BRDA:47,2,1,0
BRDA:65,3,0,81
BRDA:65,3,1,78
BRDA:69,4,0,210
BRDA:69,4,1,132
BRDA:73,5,0,78
BRDA:73,5,1,54
BRF:12
BRH:10
end_of_record
TN:
SF:src/components/home/MyFestivalCard.tsx
FN:24,MyFestivalCard
FN:27,(anonymous_1)
FN:48,(anonymous_2)
FNF:3
FNH:3
FNDA:13,MyFestivalCard
FNDA:26,(anonymous_1)
FNDA:13,(anonymous_2)
DA:24,4
DA:25,13
DA:27,13
DA:28,26
DA:30,6
DA:32,6
DA:34,14
DA:36,0
DA:40,13
DA:42,13
DA:48,13
DA:83,4
LF:12
LH:11
BRDA:28,0,0,6
BRDA:28,0,1,6
BRDA:28,0,2,14
BRDA:28,0,3,0
BRDA:40,1,0,1
BRDA:40,1,1,12
BRDA:50,2,0,13
BRDA:50,2,1,0
BRDA:71,3,0,1
BRDA:71,3,1,12
BRF:10
BRH:8
end_of_record
TN:
SF:src/components/icons/QuickActionIcons.tsx
FN:13,LocationIcon
FN:39,UsersIcon
FN:79,CalendarIcon
FN:131,MusicIcon
FN:166,SpeakerIcon
FN:190,TechnoIcon
FN:207,CampingIcon
FNF:7
FNH:7
FNDA:27,LocationIcon
FNDA:27,UsersIcon
FNDA:27,CalendarIcon
FNDA:27,MusicIcon
FNDA:27,SpeakerIcon
FNDA:27,TechnoIcon
FNDA:27,CampingIcon
DA:14,27
DA:40,27
DA:80,27
DA:132,27
DA:167,27
DA:191,27
DA:208,27
LF:7
LH:7
BRDA:13,0,0,27
BRDA:13,1,0,27
BRDA:39,2,0,27
BRDA:39,3,0,27
BRDA:79,4,0,27
BRDA:79,5,0,27
BRDA:131,6,0,27
BRDA:131,7,0,27
BRDA:166,8,0,27
BRDA:166,9,0,27
BRDA:190,10,0,27
BRDA:190,11,0,27
BRDA:207,12,0,27
BRDA:207,13,0,27
BRF:14
BRH:14
end_of_record
TN:
SF:src/components/icons/TabIcons.tsx
FN:13,HomeIconOutline
FN:24,HomeIconFilled
FN:35,PlansIconOutline
FN:61,PlansIconFilled
FN:73,ProfileIconOutline
FN:96,ProfileIconFilled
FN:108,SearchIcon
FN:137,PlusIcon
FN:165,ChevronRightIcon
FNF:9
FNH:2
FNDA:0,HomeIconOutline
FNDA:0,HomeIconFilled
FNDA:0,PlansIconOutline
FNDA:0,PlansIconFilled
FNDA:0,ProfileIconOutline
FNDA:0,ProfileIconFilled
FNDA:29,SearchIcon
FNDA:19,PlusIcon
FNDA:0,ChevronRightIcon
DA:14,0
DA:25,0
DA:36,0
DA:62,0
DA:74,0
DA:97,0
DA:109,29
DA:138,19
DA:166,0
LF:9
LH:2
BRDA:13,0,0,0
BRDA:13,1,0,0
BRDA:24,2,0,0
BRDA:24,3,0,0
BRDA:35,4,0,0
BRDA:35,5,0,0
BRDA:61,6,0,0
BRDA:61,7,0,0
BRDA:73,8,0,0
BRDA:73,9,0,0
BRDA:96,10,0,0
BRDA:96,11,0,0
BRDA:108,12,0,0
BRDA:108,13,0,29
BRDA:137,14,0,0
BRDA:137,15,0,19
BRDA:165,16,0,0
BRDA:165,17,0,0
BRF:18
BRH:2
end_of_record
TN:
SF:src/components/navigation/BottomNav.tsx
FN:37,BottomNav
FN:53,(anonymous_1)
FN:61,(anonymous_2)
FN:71,NavItem
FN:82,(anonymous_4)
FNF:5
FNH:0
FNDA:0,BottomNav
FNDA:0,(anonymous_1)
FNDA:0,(anonymous_2)
FNDA:0,NavItem
FNDA:0,(anonymous_4)
DA:38,0
DA:40,0
DA:54,0
DA:62,0
DA:79,0
DA:82,0
DA:106,0
LF:7
LH:0
BRDA:50,0,0,0
BRDA:50,0,1,0
BRDA:84,1,0,0
BRDA:84,1,1,0
BRDA:85,2,0,0
BRDA:85,2,1,0
BRDA:89,3,0,0
BRDA:89,3,1,0
BRDA:93,4,0,0
BRDA:93,4,1,0
BRDA:97,5,0,0
BRDA:97,5,1,0
BRF:12
BRH:0
end_of_record
TN:
SF:src/components/plans/FilterTabs.tsx
FN:21,FilterTabs
FN:28,(anonymous_1)
FN:31,(anonymous_2)
FN:35,(anonymous_3)
FNF:4
FNH:4
FNDA:19,FilterTabs
FNDA:76,(anonymous_1)
FNDA:1,(anonymous_2)
FNDA:76,(anonymous_3)
DA:22,19
DA:29,76
DA:31,1
DA:35,76
DA:70,3
LF:5
LH:5
BRDA:37,0,0,76
BRDA:37,0,1,19
BRDA:38,1,0,76
BRDA:38,1,1,0
BRDA:44,2,0,76
BRDA:44,2,1,19
BRDA:52,3,0,76
BRDA:52,3,1,19
BRDA:58,4,0,76
BRDA:58,4,1,19
BRF:10
BRH:9
end_of_record
TN:
SF:src/components/plans/SquadCard.tsx
FN:62,SquadCard
FN:70,(anonymous_1)
FN:110,(anonymous_2)
FN:121,(anonymous_3)
FN:138,(anonymous_4)
FN:160,(anonymous_5)
FN:174,(anonymous_6)
FN:197,(anonymous_7)
FN:205,(anonymous_8)
FN:215,(anonymous_9)
FN:223,(anonymous_10)
FN:239,ActivityRow
FN:240,(anonymous_12)
FN:253,(anonymous_13)
FNF:14
FNH:12
FNDA:110,SquadCard
FNDA:4,(anonymous_1)
FNDA:1,(anonymous_2)
FNDA:1,(anonymous_3)
FNDA:142,(anonymous_4)
FNDA:142,(anonymous_5)
FNDA:309,(anonymous_6)
FNDA:6,(anonymous_7)
FNDA:0,(anonymous_8)
FNDA:1,(anonymous_9)
FNDA:0,(anonymous_10)
FNDA:6,ActivityRow
FNDA:6,(anonymous_12)
FNDA:6,(anonymous_13)
DA:17,4
DA:18,0
DA:62,4
DA:68,110
DA:70,110
DA:71,4
DA:72,4
DA:86,110
DA:88,110
DA:90,110
DA:111,1
DA:112,1
DA:122,1
DA:123,1
DA:138,142
DA:161,142
DA:175,309
DA:198,6
DA:205,0
DA:215,1
DA:223,0
DA:240,6
DA:241,6
DA:243,4
DA:245,1
DA:247,1
DA:249,0
DA:253,6
DA:254,6
DA:256,4
DA:258,1
DA:260,1
DA:262,0
DA:266,6
DA:282,4
LF:35
LH:30
BRDA:17,0,0,0
BRDA:17,0,1,4
BRDA:17,1,0,4
BRDA:17,1,1,0
BRDA:93,2,0,110
BRDA:93,2,1,22
BRDA:96,3,0,110
BRDA:96,3,1,22
BRDA:96,3,2,22
BRDA:140,4,0,4
BRDA:140,4,1,106
BRDA:179,5,0,309
BRDA:179,5,1,181
BRDA:183,6,0,309
BRDA:183,6,1,181
BRDA:188,7,0,19
BRDA:188,7,1,91
BRDA:189,8,0,110
BRDA:189,8,1,91
BRDA:195,9,0,110
BRDA:195,9,1,4
BRDA:195,9,2,4
BRDA:195,9,3,4
BRDA:241,10,0,4
BRDA:241,10,1,1
BRDA:241,10,2,1
BRDA:241,10,3,0
BRDA:254,11,0,4
BRDA:254,11,1,1
BRDA:254,11,2,1
BRDA:254,11,3,0
BRDA:267,12,0,6
BRDA:267,12,1,4
BRDA:274,13,0,6
BRDA:274,13,1,6
BRF:35
BRH:31
end_of_record
TN:
SF:src/components/plans/StatusBadge.tsx
FN:17,StatusBadge
FNF:1
FNH:1
FNDA:142,StatusBadge
DA:18,142
DA:30,4
LF:2
LH:2
BRDA:17,0,0,109
BRDA:20,1,0,142
BRDA:20,1,1,33
BRDA:20,1,2,33
BRF:4
BRH:4
end_of_record
TN:
SF:src/components/profile/ProfileHeader.tsx
FN:15,ProfileHeader
FNF:1
FNH:1
FNDA:25,ProfileHeader
DA:16,25
DA:27,3
LF:2
LH:2
BRF:0
BRH:0
end_of_record
TN:
SF:src/components/profile/SettingItem.tsx
FN:29,SettingItem
FN:86,(anonymous_1)
FN:97,SettingIconSvg
FN:141,ChevronIcon
FNF:4
FNH:4
FNDA:102,SettingItem
FNDA:95,(anonymous_1)
FNDA:102,SettingIconSvg
FNDA:67,ChevronIcon
DA:29,4
DA:39,102
DA:40,102
DA:42,102
DA:47,102
DA:72,102
DA:73,7
DA:80,95
DA:86,95
DA:98,102
DA:106,102
DA:108,30
DA:115,26
DA:122,23
DA:130,23
DA:137,0
DA:142,67
DA:156,4
LF:18
LH:17
BRDA:34,0,0,35
BRDA:37,1,0,57
BRDA:39,2,0,102
BRDA:39,2,1,25
BRDA:40,3,0,102
BRDA:40,3,1,32
BRDA:42,4,0,47
BRDA:42,4,1,55
BRDA:43,5,0,25
BRDA:43,5,1,77
BRDA:43,6,0,23
BRDA:43,6,1,2
BRDA:54,7,0,102
BRDA:54,7,1,47
BRDA:59,8,0,25
BRDA:59,8,1,77
BRDA:65,9,0,67
BRDA:65,9,1,10
BRDA:72,10,0,7
BRDA:72,10,1,95
BRDA:74,11,0,7
BRDA:74,11,1,0
BRDA:85,12,0,25
BRDA:85,12,1,70
BRDA:88,13,0,95
BRDA:88,13,1,45
BRDA:89,14,0,95
BRDA:89,14,1,0
BRDA:106,15,0,30
BRDA:106,15,1,26
BRDA:106,15,2,23
BRDA:106,15,3,23
BRDA:106,15,4,0
BRF:33
BRH:30
end_of_record
TN:
SF:src/components/profile/SettingsSection.tsx
FN:14,SettingsSection
FNF:1
FNH:1
FNDA:75,SettingsSection
DA:15,75
DA:23,3
LF:2
LH:2
BRF:0
BRH:0
end_of_record
TN:
SF:src/components/profile/ToggleSwitch.tsx
FN:15,ToggleSwitch
FN:22,(anonymous_1)
FN:32,(anonymous_2)
FNF:3
FNH:3
FNDA:32,ToggleSwitch
FNDA:32,(anonymous_1)
FNDA:4,(anonymous_2)
DA:20,32
DA:22,32
DA:23,32
DA:30,32
DA:32,4
DA:50,5
LF:6
LH:6
BRDA:20,0,0,26
BRDA:20,0,1,6
BRDA:24,1,0,26
BRDA:24,1,1,6
BRDA:36,2,0,32
BRDA:36,2,1,26
BRF:6
BRH:6
end_of_record
TN:
SF:src/components/ui/AppScreen.tsx
FN:22,AppScreen
FNF:1
FNH:1
FNDA:73,AppScreen
DA:28,73
DA:65,5
LF:2
LH:2
BRDA:24,0,0,0
BRDA:43,1,0,25
BRDA:43,1,1,48
BRF:3
BRH:2
end_of_record
TN:
SF:src/components/ui/Card.tsx
FN:27,Card
FN:46,(anonymous_1)
FN:89,CardSection
FN:100,CardDivider
FNF:4
FNH:1
FNDA:110,Card
FNDA:0,(anonymous_1)
FNDA:0,CardSection
FNDA:0,CardDivider
DA:35,110
DA:42,110
DA:43,0
DA:46,0
DA:56,110
DA:59,4
DA:94,0
DA:101,0
DA:104,4
LF:9
LH:5
BRDA:29,0,0,0
BRDA:30,1,0,110
BRDA:37,2,0,110
BRDA:37,2,1,0
BRDA:38,3,0,110
BRDA:38,3,1,0
BRDA:42,4,0,0
BRDA:42,4,1,110
BRDA:42,5,0,110
BRDA:42,5,1,110
BRDA:48,6,0,0
BRDA:48,6,1,0
BRDA:92,7,0,0
BRF:13
BRH:6
end_of_record
TN:
SF:src/components/ui/QuickActionChip.tsx
FN:20,QuickActionChip
FN:39,(anonymous_1)
FNF:2
FNH:2
FNDA:198,QuickActionChip
FNDA:198,(anonymous_1)
DA:20,4
DA:30,198
DA:32,198
DA:39,198
DA:76,4
LF:5
LH:5
BRDA:24,0,0,8
BRDA:25,1,0,171
BRDA:30,2,0,198
BRDA:30,2,1,7
BRDA:30,3,0,29
BRDA:30,3,1,169
BRDA:41,4,0,198
BRDA:41,4,1,27
BRDA:42,5,0,198
BRDA:42,5,1,28
BRDA:43,6,0,198
BRDA:43,6,1,0
BRDA:47,7,0,198
BRDA:47,7,1,29
BRDA:56,8,0,198
BRDA:56,8,1,27
BRDA:57,9,0,198
BRDA:57,9,1,28
BRDA:65,10,0,198
BRDA:65,10,1,27
BRDA:70,11,0,198
BRDA:70,11,1,191
BRF:22
BRH:21
end_of_record
TN:
SF:src/components/ui/SegmentedControl.tsx
FN:15,SegmentedControl
FN:22,(anonymous_1)
FN:25,(anonymous_2)
FN:29,(anonymous_3)
FNF:4
FNH:4
FNDA:29,SegmentedControl
FNDA:58,(anonymous_1)
FNDA:2,(anonymous_2)
FNDA:58,(anonymous_3)
DA:20,29
DA:23,58
DA:25,2
DA:29,58
DA:49,3
LF:5
LH:5
BRDA:31,0,0,58
BRDA:31,0,1,29
BRDA:32,1,0,58
BRDA:32,1,1,0
BRDA:38,2,0,58
BRDA:38,2,1,29
BRF:6
BRH:5
end_of_record
TN:
SF:src/components/ui/index.ts
FNF:0
FNH:0
LF:0
LH:0
BRF:0
BRH:0
end_of_record
TN:
SF:src/constants/colors.ts
FNF:0
FNH:0
DA:6,0
LF:1
LH:0
BRF:0
BRH:0
end_of_record
TN:
SF:src/contexts/SyncContext.tsx
FN:14,useSyncContext
FN:22,(anonymous_1)
FNF:2
FNH:0
FNDA:0,useSyncContext
FNDA:0,(anonymous_1)
DA:10,0
DA:12,0
DA:15,0
DA:16,0
DA:18,0
DA:25,0
LF:6
LH:0
BRDA:16,0,0,0
BRDA:16,0,1,0
BRF:2
BRH:0
end_of_record
TN:
SF:src/data/seedLineup.ts
FNF:0
FNH:0
DA:2,0
LF:1
LH:0
BRF:0
BRH:0
end_of_record
TN:
SF:src/hooks/useDebouncedPersistence.ts
FN:12,useDebouncedPersistence
FN:17,(anonymous_1)
FN:18,(anonymous_2)
FN:22,(anonymous_3)
FNF:4
FNH:0
FNDA:0,useDebouncedPersistence
FNDA:0,(anonymous_1)
FNDA:0,(anonymous_2)
FNDA:0,(anonymous_3)
DA:17,0
DA:18,0
DA:19,0
DA:22,0
LF:4
LH:0
BRDA:15,0,0,0
BRF:1
BRH:0
end_of_record
TN:
SF:src/hooks/useSyncManager.ts
FN:11,useSyncManager
FN:22,(anonymous_1)
FN:34,(anonymous_2)
FN:66,(anonymous_3)
FN:84,(anonymous_4)
FN:100,(anonymous_5)
FN:112,(anonymous_6)
FN:126,(anonymous_7)
FN:131,(anonymous_8)
FN:141,(anonymous_9)
FN:147,(anonymous_10)
FN:155,(anonymous_11)
FN:156,(anonymous_12)
FN:174,(anonymous_13)
FN:181,(anonymous_14)
FN:186,(anonymous_15)
FN:192,(anonymous_16)
FN:196,(anonymous_17)
FN:202,(anonymous_18)
FN:208,(anonymous_19)
FNF:20
FNH:0
FNDA:0,useSyncManager
FNDA:0,(anonymous_1)
FNDA:0,(anonymous_2)
FNDA:0,(anonymous_3)
FNDA:0,(anonymous_4)
FNDA:0,(anonymous_5)
FNDA:0,(anonymous_6)
FNDA:0,(anonymous_7)
FNDA:0,(anonymous_8)
FNDA:0,(anonymous_9)
FNDA:0,(anonymous_10)
FNDA:0,(anonymous_11)
FNDA:0,(anonymous_12)
FNDA:0,(anonymous_13)
FNDA:0,(anonymous_14)
FNDA:0,(anonymous_15)
FNDA:0,(anonymous_16)
FNDA:0,(anonymous_17)
FNDA:0,(anonymous_18)
FNDA:0,(anonymous_19)
DA:7,0
DA:8,0
DA:9,0
DA:12,0
DA:13,0
DA:14,0
DA:16,0
DA:17,0
DA:19,0
DA:22,0
DA:23,0
DA:24,0
DA:25,0
DA:28,0
DA:29,0
DA:34,0
DA:37,0
DA:39,0
DA:40,0
DA:41,0
DA:42,0
DA:43,0
DA:48,0
DA:50,0
DA:51,0
DA:53,0
DA:54,0
DA:57,0
DA:66,0
DA:67,0
DA:69,0
DA:71,0
DA:75,0
DA:77,0
DA:82,0
DA:84,0
DA:93,0
DA:98,0
DA:100,0
DA:109,0
DA:111,0
DA:112,0
DA:114,0
DA:115,0
DA:118,0
DA:121,0
DA:126,0
DA:127,0
DA:131,0
DA:133,0
DA:134,0
DA:138,0
DA:141,0
DA:142,0
DA:147,0
DA:148,0
DA:149,0
DA:150,0
DA:155,0
DA:156,0
DA:157,0
DA:158,0
DA:160,0
DA:162,0
DA:163,0
DA:164,0
DA:166,0
DA:169,0
DA:172,0
DA:174,0
DA:175,0
DA:176,0
DA:181,0
DA:183,0
DA:184,0
DA:186,0
DA:187,0
DA:192,0
DA:194,0
DA:196,0
DA:197,0
DA:202,0
DA:203,0
DA:206,0
DA:208,0
DA:209,0
DA:213,0
LF:87
LH:0
BRDA:41,0,0,0
BRDA:41,0,1,0
BRDA:48,1,0,0
BRDA:48,1,1,0
BRDA:50,2,0,0
BRDA:50,2,1,0
BRDA:66,3,0,0
BRDA:67,4,0,0
BRDA:67,4,1,0
BRDA:75,5,0,0
BRDA:75,5,1,0
BRDA:82,6,0,0
BRDA:82,6,1,0
BRDA:86,7,0,0
BRDA:86,7,1,0
BRDA:98,8,0,0
BRDA:98,8,1,0
BRDA:102,9,0,0
BRDA:102,9,1,0
BRDA:109,10,0,0
BRDA:109,10,1,0
BRDA:121,11,0,0
BRDA:121,11,1,0
BRDA:133,12,0,0
BRDA:133,12,1,0
BRDA:138,13,0,0
BRDA:138,13,1,0
BRDA:148,14,0,0
BRDA:148,14,1,0
BRDA:160,15,0,0
BRDA:160,15,1,0
BRDA:160,16,0,0
BRDA:160,16,1,0
BRDA:164,17,0,0
BRDA:164,17,1,0
BRF:35
BRH:0
end_of_record
TN:
SF:src/lib/authService.ts
FN:24,(anonymous_0)
FN:95,(anonymous_1)
FNF:2
FNH:0
FNDA:0,(anonymous_0)
FNDA:0,(anonymous_1)
DA:5,0
DA:6,0
DA:20,0
DA:25,0
DA:26,0
DA:32,0
DA:33,0
DA:43,0
DA:45,0
DA:46,0
DA:57,0
DA:58,0
DA:63,0
DA:64,0
DA:70,0
DA:77,0
DA:82,0
DA:96,0
DA:97,0
DA:103,0
DA:104,0
DA:114,0
DA:116,0
DA:117,0
DA:119,0
DA:128,0
DA:129,0
DA:140,0
DA:141,0
DA:146,0
DA:147,0
DA:153,0
DA:160,0
DA:161,0
DA:166,0
DA:167,0
DA:173,0
DA:179,0
DA:184,0
LF:39
LH:0
BRDA:5,0,0,0
BRDA:5,0,1,0
BRDA:6,1,0,0
BRDA:6,1,1,0
BRDA:25,2,0,0
BRDA:25,2,1,0
BRDA:25,3,0,0
BRDA:25,3,1,0
BRDA:45,4,0,0
BRDA:45,4,1,0
BRDA:49,5,0,0
BRDA:49,5,1,0
BRDA:49,5,2,0
BRDA:51,6,0,0
BRDA:51,6,1,0
BRDA:57,7,0,0
BRDA:57,7,1,0
BRDA:63,8,0,0
BRDA:63,8,1,0
BRDA:85,9,0,0
BRDA:85,9,1,0
BRDA:96,10,0,0
BRDA:96,10,1,0
BRDA:96,11,0,0
BRDA:96,11,1,0
BRDA:128,12,0,0
BRDA:128,12,1,0
BRDA:132,13,0,0
BRDA:132,13,1,0
BRDA:132,13,2,0
BRDA:132,13,3,0
BRDA:134,14,0,0
BRDA:134,14,1,0
BRDA:140,15,0,0
BRDA:140,15,1,0
BRDA:140,16,0,0
BRDA:140,16,1,0
BRDA:146,17,0,0
BRDA:146,17,1,0
BRDA:160,18,0,0
BRDA:160,18,1,0
BRDA:160,19,0,0
BRDA:160,19,1,0
BRDA:166,20,0,0
BRDA:166,20,1,0
BRDA:187,21,0,0
BRDA:187,21,1,0
BRF:47
BRH:0
end_of_record
TN:
SF:src/lib/store.ts
FN:32,(anonymous_0)
FN:34,(anonymous_1)
FN:36,(anonymous_2)
FN:37,(anonymous_3)
FN:37,(anonymous_4)
FN:39,(anonymous_5)
FN:41,(anonymous_6)
FN:42,(anonymous_7)
FN:42,(anonymous_8)
FN:43,(anonymous_9)
FN:43,(anonymous_10)
FN:44,(anonymous_11)
FN:46,(anonymous_12)
FN:46,(anonymous_13)
FN:47,(anonymous_14)
FN:50,(anonymous_15)
FN:52,(anonymous_16)
FN:54,(anonymous_17)
FN:55,(anonymous_18)
FN:55,(anonymous_19)
FN:58,(anonymous_20)
FN:58,(anonymous_21)
FN:59,(anonymous_22)
FN:61,(anonymous_23)
FN:61,(anonymous_24)
FN:62,(anonymous_25)
FN:66,(anonymous_26)
FN:70,(anonymous_27)
FN:71,(anonymous_28)
FN:75,(anonymous_29)
FNF:30
FNH:0
FNDA:0,(anonymous_0)
FNDA:0,(anonymous_1)
FNDA:0,(anonymous_2)
FNDA:0,(anonymous_3)
FNDA:0,(anonymous_4)
FNDA:0,(anonymous_5)
FNDA:0,(anonymous_6)
FNDA:0,(anonymous_7)
FNDA:0,(anonymous_8)
FNDA:0,(anonymous_9)
FNDA:0,(anonymous_10)
FNDA:0,(anonymous_11)
FNDA:0,(anonymous_12)
FNDA:0,(anonymous_13)
FNDA:0,(anonymous_14)
FNDA:0,(anonymous_15)
FNDA:0,(anonymous_16)
FNDA:0,(anonymous_17)
FNDA:0,(anonymous_18)
FNDA:0,(anonymous_19)
FNDA:0,(anonymous_20)
FNDA:0,(anonymous_21)
FNDA:0,(anonymous_22)
FNDA:0,(anonymous_23)
FNDA:0,(anonymous_24)
FNDA:0,(anonymous_25)
FNDA:0,(anonymous_26)
FNDA:0,(anonymous_27)
FNDA:0,(anonymous_28)
FNDA:0,(anonymous_29)
DA:32,0
DA:34,0
DA:36,0
DA:37,0
DA:39,0
DA:41,0
DA:42,0
DA:43,0
DA:44,0
DA:46,0
DA:47,0
DA:50,0
DA:52,0
DA:54,0
DA:55,0
DA:58,0
DA:59,0
DA:61,0
DA:63,0
DA:67,0
DA:68,0
DA:70,0
DA:71,0
DA:75,0
LF:24
LH:0
BRDA:44,0,0,0
BRDA:44,0,1,0
BRDA:63,1,0,0
BRDA:63,1,1,0
BRF:4
BRH:0
end_of_record
TN:
SF:src/lib/supabase.ts
FN:33,(anonymous_0)
FNF:1
FNH:0
FNDA:0,(anonymous_0)
DA:7,0
DA:8,0
DA:10,0
DA:11,0
DA:14,0
DA:15,0
DA:16,0
DA:17,0
DA:19,0
DA:36,0
DA:38,0
DA:39,0
DA:40,0
DA:41,0
DA:43,0
DA:49,0
LF:16
LH:0
BRDA:7,0,0,0
BRDA:7,0,1,0
BRDA:8,1,0,0
BRDA:8,1,1,0
BRDA:10,2,0,0
BRDA:10,2,1,0
BRDA:10,3,0,0
BRDA:10,3,1,0
BRDA:33,4,0,0
BRDA:38,5,0,0
BRDA:38,5,1,0
BRDA:39,6,0,0
BRDA:39,6,1,0
BRDA:40,7,0,0
BRDA:40,7,1,0
BRDA:41,8,0,0
BRDA:41,8,1,0
BRF:17
BRH:0
end_of_record
TN:
SF:src/screens/AuthScreen.tsx
FN:19,(anonymous_0)
FN:27,AuthScreen
FN:36,(anonymous_2)
FN:38,(anonymous_3)
FN:42,(anonymous_4)
FN:46,(anonymous_5)
FN:51,(anonymous_6)
FN:101,(anonymous_7)
FN:134,(anonymous_8)
FN:213,(anonymous_9)
FN:229,(anonymous_10)
FN:243,(anonymous_11)
FNF:12
FNH:0
FNDA:0,(anonymous_0)
FNDA:0,AuthScreen
FNDA:0,(anonymous_2)
FNDA:0,(anonymous_3)
FNDA:0,(anonymous_4)
FNDA:0,(anonymous_5)
FNDA:0,(anonymous_6)
FNDA:0,(anonymous_7)
FNDA:0,(anonymous_8)
FNDA:0,(anonymous_9)
FNDA:0,(anonymous_10)
FNDA:0,(anonymous_11)
DA:7,0
DA:19,0
DA:20,0
DA:21,0
DA:22,0
DA:23,0
DA:24,0
DA:28,0
DA:29,0
DA:30,0
DA:31,0
DA:32,0
DA:33,0
DA:34,0
DA:36,0
DA:38,0
DA:39,0
DA:40,0
DA:42,0
DA:46,0
DA:47,0
DA:48,0
DA:51,0
DA:53,0
DA:55,0
DA:56,0
DA:57,0
DA:61,0
DA:62,0
DA:63,0
DA:64,0
DA:65,0
DA:69,0
DA:70,0
DA:71,0
DA:76,0
DA:77,0
DA:78,0
DA:81,0
DA:83,0
DA:84,0
DA:88,0
DA:89,0
DA:92,0
DA:93,0
DA:94,0
DA:101,0
DA:106,0
DA:107,0
DA:108,0
DA:109,0
DA:110,0
DA:111,0
DA:115,0
DA:116,0
DA:121,0
DA:125,0
DA:126,0
DA:127,0
DA:131,0
DA:134,0
DA:140,0
DA:141,0
DA:146,0
DA:150,0
DA:151,0
DA:156,0
DA:214,0
DA:215,0
DA:230,0
DA:231,0
DA:243,0
DA:253,0
LF:73
LH:0
BRDA:40,0,0,0
BRDA:40,0,1,0
BRDA:55,1,0,0
BRDA:55,1,1,0
BRDA:55,2,0,0
BRDA:55,2,1,0
BRDA:61,3,0,0
BRDA:61,3,1,0
BRDA:63,4,0,0
BRDA:63,4,1,0
BRDA:63,5,0,0
BRDA:63,5,1,0
BRDA:63,5,2,0
BRDA:63,5,3,0
BRDA:69,6,0,0
BRDA:69,6,1,0
BRDA:76,7,0,0
BRDA:76,7,1,0
BRDA:84,8,0,0
BRDA:84,8,1,0
BRDA:88,9,0,0
BRDA:88,9,1,0
BRDA:92,10,0,0
BRDA:92,10,1,0
BRDA:92,11,0,0
BRDA:92,11,1,0
BRDA:106,12,0,0
BRDA:106,12,1,0
BRDA:106,13,0,0
BRDA:106,13,1,0
BRDA:108,14,0,0
BRDA:108,14,1,0
BRDA:108,15,0,0
BRDA:108,15,1,0
BRDA:108,15,2,0
BRDA:110,16,0,0
BRDA:110,16,1,0
BRDA:115,17,0,0
BRDA:115,17,1,0
BRDA:126,18,0,0
BRDA:126,18,1,0
BRDA:127,19,0,0
BRDA:127,19,1,0
BRDA:143,20,0,0
BRDA:143,20,1,0
BRDA:151,21,0,0
BRDA:151,21,1,0
BRDA:151,21,2,0
BRDA:151,21,3,0
BRDA:159,22,0,0
BRDA:159,22,1,0
BRDA:174,23,0,0
BRDA:174,23,1,0
BRDA:174,24,0,0
BRDA:174,24,1,0
BRDA:174,24,2,0
BRDA:177,25,0,0
BRDA:177,25,1,0
BRDA:178,26,0,0
BRDA:178,26,1,0
BRDA:178,26,2,0
BRDA:178,26,3,0
BRDA:180,27,0,0
BRDA:180,27,1,0
BRDA:182,28,0,0
BRDA:182,28,1,0
BRDA:182,29,0,0
BRDA:182,29,1,0
BRDA:187,30,0,0
BRDA:187,30,1,0
BRDA:187,30,2,0
BRDA:189,31,0,0
BRDA:189,31,1,0
BRDA:189,32,0,0
BRDA:189,32,1,0
BRDA:193,33,0,0
BRDA:193,33,1,0
BRDA:195,34,0,0
BRDA:195,34,1,0
BRDA:199,35,0,0
BRDA:199,35,1,0
BRDA:201,36,0,0
BRDA:201,36,1,0
BRDA:223,37,0,0
BRDA:223,37,1,0
BRDA:240,38,0,0
BRDA:240,38,1,0
BRDA:240,39,0,0
BRDA:240,39,1,0
BRDA:245,40,0,0
BRDA:245,40,1,0
BRF:91
BRH:0
end_of_record
TN:
SF:src/screens/HomeScreen.tsx
FN:35,HomeScreen
FN:39,(anonymous_1)
FN:43,(anonymous_2)
FN:94,DiscoverView
FN:101,(anonymous_4)
FN:102,(anonymous_5)
FN:103,(anonymous_6)
FN:104,(anonymous_7)
FN:105,(anonymous_8)
FN:106,(anonymous_9)
FN:107,(anonymous_10)
FN:110,(anonymous_11)
FN:114,(anonymous_12)
FN:117,(anonymous_13)
FN:231,MyFestivalsView
FN:233,(anonymous_15)
FN:237,(anonymous_16)
FN:240,(anonymous_17)
FN:274,getFilterLabel
FNF:19
FNH:12
FNDA:29,HomeScreen
FNDA:2,(anonymous_1)
FNDA:1,(anonymous_2)
FNDA:27,DiscoverView
FNDA:0,(anonymous_4)
FNDA:1,(anonymous_5)
FNDA:0,(anonymous_6)
FNDA:0,(anonymous_7)
FNDA:0,(anonymous_8)
FNDA:0,(anonymous_9)
FNDA:0,(anonymous_10)
FNDA:72,(anonymous_11)
FNDA:96,(anonymous_12)
FNDA:1,(anonymous_13)
FNDA:2,MyFestivalsView
FNDA:4,(anonymous_15)
FNDA:6,(anonymous_16)
FNDA:0,(anonymous_17)
FNDA:27,getFilterLabel
DA:36,29
DA:37,29
DA:39,29
DA:40,2
DA:43,29
DA:44,1
DA:47,29
DA:101,27
DA:102,27
DA:103,27
DA:104,27
DA:105,27
DA:106,27
DA:107,27
DA:109,27
DA:110,72
DA:114,96
DA:116,27
DA:117,1
DA:125,27
DA:232,2
DA:233,4
DA:237,6
DA:239,2
DA:240,0
DA:248,2
DA:275,27
DA:284,27
DA:288,3
DA:334,3
DA:355,3
LF:31
LH:30
BRDA:40,0,0,0
BRDA:40,0,1,2
BRDA:61,1,0,27
BRDA:61,1,1,2
BRDA:78,2,0,27
BRDA:78,2,1,2
BRF:6
BRH:5
end_of_record
TN:
SF:src/screens/PlansScreen.tsx
FN:16,PlansScreen
FN:26,(anonymous_1)
FN:32,(anonymous_2)
FN:37,(anonymous_3)
FN:40,(anonymous_4)
FN:41,(anonymous_5)
FN:42,(anonymous_6)
FN:48,(anonymous_7)
FN:51,(anonymous_8)
FNF:9
FNH:5
FNDA:19,PlansScreen
FNDA:95,(anonymous_1)
FNDA:1,(anonymous_2)
FNDA:95,(anonymous_3)
FNDA:0,(anonymous_4)
FNDA:0,(anonymous_5)
FNDA:0,(anonymous_6)
FNDA:111,(anonymous_7)
FNDA:0,(anonymous_8)
DA:17,19
DA:19,19
DA:26,19
DA:27,95
DA:29,5
DA:32,19
DA:33,1
DA:36,19
DA:38,95
DA:40,0
DA:41,0
DA:42,0
DA:48,111
DA:50,19
DA:51,0
DA:59,19
DA:106,3
DA:256,3
LF:18
LH:14
BRDA:27,0,0,90
BRDA:27,0,1,5
BRF:2
BRH:2
end_of_record
TN:
SF:src/screens/ProfileScreen.tsx
FN:13,ProfileScreen
FN:23,(anonymous_1)
FN:28,(anonymous_2)
FN:33,(anonymous_3)
FN:38,(anonymous_4)
FN:43,(anonymous_5)
FN:48,(anonymous_6)
FN:53,(anonymous_7)
FN:113,(anonymous_8)
FNF:9
FNH:9
FNDA:25,ProfileScreen
FNDA:1,(anonymous_1)
FNDA:1,(anonymous_2)
FNDA:1,(anonymous_3)
FNDA:1,(anonymous_4)
FNDA:1,(anonymous_5)
FNDA:1,(anonymous_6)
FNDA:1,(anonymous_7)
FNDA:25,(anonymous_8)
DA:14,25
DA:17,25
DA:23,25
DA:24,1
DA:28,25
DA:29,1
DA:33,25
DA:34,1
DA:38,25
DA:39,1
DA:43,25
DA:44,1
DA:48,25
DA:49,1
DA:53,25
DA:54,1
DA:58,25
DA:113,25
DA:155,3
LF:19
LH:19
BRDA:115,0,0,25
BRDA:115,0,1,0
BRF:2
BRH:1
end_of_record
TN:
SF:src/screens/ProfileSetupScreen.tsx
FN:15,ProfileSetupScreen
FN:20,(anonymous_1)
FNF:2
FNH:0
FNDA:0,ProfileSetupScreen
FNDA:0,(anonymous_1)
DA:6,0
DA:16,0
DA:17,0
DA:18,0
DA:20,0
DA:21,0
DA:22,0
DA:24,0
DA:25,0
DA:31,0
DA:32,0
DA:34,0
DA:37,0
DA:40,0
DA:70,0
LF:15
LH:0
BRDA:24,0,0,0
BRDA:24,0,1,0
BRDA:31,1,0,0
BRDA:31,1,1,0
BRDA:63,2,0,0
BRDA:63,2,1,0
BRF:6
BRH:0
end_of_record
TN:
SF:src/screens/TestAuthScreen.tsx
FN:16,TestAuthScreen
FN:25,(anonymous_1)
FN:29,(anonymous_2)
FN:32,(anonymous_3)
FN:168,(anonymous_4)
FNF:5
FNH:0
FNDA:0,TestAuthScreen
FNDA:0,(anonymous_1)
FNDA:0,(anonymous_2)
FNDA:0,(anonymous_3)
FNDA:0,(anonymous_4)
DA:5,0
DA:17,0
DA:18,0
DA:19,0
DA:20,0
DA:22,0
DA:23,0
DA:25,0
DA:26,0
DA:27,0
DA:28,0
DA:29,0
DA:32,0
DA:33,0
DA:34,0
DA:36,0
DA:37,0
DA:38,0
DA:40,0
DA:41,0
DA:42,0
DA:43,0
DA:44,0
DA:47,0
DA:48,0
DA:49,0
DA:51,0
DA:56,0
DA:58,0
DA:64,0
DA:66,0
DA:68,0
DA:70,0
DA:76,0
DA:78,0
DA:79,0
DA:80,0
DA:82,0
DA:83,0
DA:86,0
DA:87,0
DA:88,0
DA:89,0
DA:91,0
DA:92,0
DA:95,0
DA:96,0
DA:97,0
DA:99,0
DA:100,0
DA:104,0
DA:105,0
DA:106,0
DA:107,0
DA:109,0
DA:110,0
DA:113,0
DA:114,0
DA:116,0
DA:119,0
DA:124,0
DA:125,0
DA:129,0
DA:169,0
DA:176,0
LF:65
LH:0
BRDA:40,0,0,0
BRDA:40,0,1,0
BRDA:40,1,0,0
BRDA:40,1,1,0
BRDA:95,2,0,0
BRDA:95,2,1,0
BRDA:109,3,0,0
BRDA:109,3,1,0
BRDA:157,4,0,0
BRDA:157,4,1,0
BRDA:162,5,0,0
BRDA:162,5,1,0
BRF:12
BRH:0
end_of_record
TN:
SF:src/theme/index.ts
FNF:0
FNH:0
LF:0
LH:0
BRF:0
BRH:0
end_of_record
TN:
SF:src/theme/tokens.ts
FNF:0
FNH:0
DA:7,11
DA:34,11
DA:41,11
DA:65,11
DA:74,11
DA:104,11
DA:120,11
DA:131,11
LF:8
LH:8
BRF:0
BRH:0
end_of_record
TN:
SF:src/utils/artistImages.ts
FN:14,normalizeArtistName
FN:67,getArtistImagePath
FN:75,hasArtistImage
FNF:3
FNH:0
FNDA:0,normalizeArtistName
FNDA:0,getArtistImagePath
FNDA:0,hasArtistImage
DA:15,0
DA:25,0
DA:68,0
DA:69,0
DA:76,0
LF:5
LH:0
BRDA:69,0,0,0
BRDA:69,0,1,0
BRF:2
BRH:0
end_of_record
TN:
SF:src/utils/inviteCode.ts
FN:6,generateInviteCode
FN:23,isValidInviteCode
FNF:2
FNH:0
FNDA:0,generateInviteCode
FNDA:0,isValidInviteCode
DA:8,0
DA:9,0
DA:11,0
DA:12,0
DA:13,0
DA:14,0
DA:17,0
DA:24,0
DA:26,0
DA:27,0
LF:10
LH:0
BRDA:24,0,0,0
BRDA:24,0,1,0
BRDA:24,1,0,0
BRDA:24,1,1,0
BRF:4
BRH:0
end_of_record
TN:
SF:src/utils/timeCalculations.ts
FN:23,timeToPixels
FN:50,durationToPixels
FN:68,getDurationMinutes
FN:79,formatTime
FN:96,formatTimeRange
FN:126,formatCompactTimeRange
FN:162,generateTimeMarkers
FN:198,getCurrentTimePosition
FN:224,getTimelineHeight
FNF:9
FNH:0
FNDA:0,timeToPixels
FNDA:0,durationToPixels
FNDA:0,getDurationMinutes
FNDA:0,formatTime
FNDA:0,formatTimeRange
FNDA:0,formatCompactTimeRange
FNDA:0,generateTimeMarkers
FNDA:0,getCurrentTimePosition
FNDA:0,getTimelineHeight
DA:11,0
DA:12,0
DA:13,0
DA:15,0
DA:16,0
DA:18,0
DA:24,0
DA:25,0
DA:26,0
DA:29,0
DA:30,0
DA:33,0
DA:34,0
DA:37,0
DA:38,0
DA:41,0
DA:43,0
DA:51,0
DA:52,0
DA:54,0
DA:57,0
DA:58,0
DA:61,0
DA:62,0
DA:69,0
DA:70,0
DA:72,0
DA:73,0
DA:80,0
DA:81,0
DA:82,0
DA:83,0
DA:85,0
DA:86,0
DA:88,0
DA:90,0
DA:97,0
DA:98,0
DA:100,0
DA:101,0
DA:102,0
DA:103,0
DA:105,0
DA:106,0
DA:108,0
DA:109,0
DA:111,0
DA:112,0
DA:115,0
DA:116,0
DA:118,0
DA:127,0
DA:128,0
DA:130,0
DA:131,0
DA:132,0
DA:133,0
DA:135,0
DA:136,0
DA:138,0
DA:139,0
DA:142,0
DA:147,0
DA:152,0
DA:153,0
DA:155,0
DA:163,0
DA:164,0
DA:167,0
DA:169,0
DA:170,0
DA:171,0
DA:172,0
DA:173,0
DA:174,0
DA:177,0
DA:178,0
DA:179,0
DA:181,0
DA:192,0
DA:199,0
DA:200,0
DA:201,0
DA:204,0
DA:205,0
DA:208,0
DA:209,0
DA:212,0
DA:213,0
DA:216,0
DA:218,0
DA:225,0
DA:226,0
LF:93
LH:0
BRDA:57,0,0,0
BRDA:57,0,1,0
BRDA:83,1,0,0
BRDA:83,1,1,0
BRDA:86,2,0,0
BRDA:86,2,1,0
BRDA:88,3,0,0
BRDA:88,3,1,0
BRDA:105,4,0,0
BRDA:105,4,1,0
BRDA:106,5,0,0
BRDA:106,5,1,0
BRDA:108,6,0,0
BRDA:108,6,1,0
BRDA:109,7,0,0
BRDA:109,7,1,0
BRDA:111,8,0,0
BRDA:111,8,1,0
BRDA:112,9,0,0
BRDA:112,9,1,0
BRDA:115,10,0,0
BRDA:115,10,1,0
BRDA:135,11,0,0
BRDA:135,11,1,0
BRDA:136,12,0,0
BRDA:136,12,1,0
BRDA:138,13,0,0
BRDA:138,13,1,0
BRDA:139,14,0,0
BRDA:139,14,1,0
BRDA:142,15,0,0
BRDA:142,15,1,0
BRDA:144,16,0,0
BRDA:144,16,1,0
BRDA:147,17,0,0
BRDA:147,17,1,0
BRDA:149,18,0,0
BRDA:149,18,1,0
BRDA:152,19,0,0
BRDA:152,19,1,0
BRDA:172,20,0,0
BRDA:172,20,1,0
BRDA:172,21,0,0
BRDA:172,21,1,0
BRDA:173,22,0,0
BRDA:173,22,1,0
BRF:46
BRH:0
end_of_record
